<?xml version="1.0" encoding="UTF-8"?>
<!-- Generated by org.testng.reporters.JUnitXMLReporter -->
<testsuite ignored="0" hostname="ECCINHYD04681" failures="0" tests="2" name="Chrome Test : Latest : Windows 11" time="67.008" errors="0" timestamp="2024-07-10T22:11:19 IST">
  <testcase classname="com.SauceDemoProject.Utilities.BaseClass2" name="@BeforeClass setUp" time="66.615">
    <failure type="org.openqa.selenium.SessionNotCreatedException" message="Could not start a new session. Response code 404. Message: unknown command: Cannot call non W3C standard command while in W3C mode 
Host info: host: &amp;apos;ECCINHYD04681&amp;apos;, ip: &amp;apos;192.168.229.243&amp;apos;
Build info: version: &amp;apos;4.22.0&amp;apos;, revision: &amp;apos;c5f3146703*&amp;apos;
System info: os.name: &amp;apos;Windows 11&amp;apos;, os.arch: &amp;apos;amd64&amp;apos;, os.version: &amp;apos;10.0&amp;apos;, java.version: &amp;apos;17.0.9&amp;apos;
Driver info: org.openqa.selenium.remote.RemoteWebDriver
Command: [null, newSession {capabilities=[Capabilities {browserName: chrome, browserVersion: latest, goog:chromeOptions: {args: [--start-fullscreen], extensions: []}, platformName: Windows 11, sauce:options: {accessKey: bdf09fc8-413c-4b58-a3cc-235..., build: Final Build Cross Browser T..., screenResolution: 1920x1080, username: HemalathaManikandan}}]}]
Capabilities {browserName: chrome, browserVersion: latest, goog:chromeOptions: {args: [--start-fullscreen], extensions: []}, platformName: Windows 11, sauce:options: {accessKey: bdf09fc8-413c-4b58-a3cc-235..., build: Final Build Cross Browser T..., screenResolution: 1920x1080, username: HemalathaManikandan}}">
      <![CDATA[org.openqa.selenium.SessionNotCreatedException: Could not start a new session. Response code 404. Message: unknown command: Cannot call non W3C standard command while in W3C mode 
Host info: host: 'ECCINHYD04681', ip: '192.168.229.243'
Build info: version: '4.22.0', revision: 'c5f3146703*'
System info: os.name: 'Windows 11', os.arch: 'amd64', os.version: '10.0', java.version: '17.0.9'
Driver info: org.openqa.selenium.remote.RemoteWebDriver
Command: [null, newSession {capabilities=[Capabilities {browserName: chrome, browserVersion: latest, goog:chromeOptions: {args: [--start-fullscreen], extensions: []}, platformName: Windows 11, sauce:options: {accessKey: bdf09fc8-413c-4b58-a3cc-235..., build: Final Build Cross Browser T..., screenResolution: 1920x1080, username: HemalathaManikandan}}]}]
Capabilities {browserName: chrome, browserVersion: latest, goog:chromeOptions: {args: [--start-fullscreen], extensions: []}, platformName: Windows 11, sauce:options: {accessKey: bdf09fc8-413c-4b58-a3cc-235..., build: Final Build Cross Browser T..., screenResolution: 1920x1080, username: HemalathaManikandan}}
at org.openqa.selenium.remote.ProtocolHandshake.createSession(ProtocolHandshake.java:114)
at org.openqa.selenium.remote.ProtocolHandshake.createSession(ProtocolHandshake.java:75)
at org.openqa.selenium.remote.ProtocolHandshake.createSession(ProtocolHandshake.java:61)
at org.openqa.selenium.remote.HttpCommandExecutor.execute(HttpCommandExecutor.java:162)
at org.openqa.selenium.remote.TracedCommandExecutor.execute(TracedCommandExecutor.java:53)
at org.openqa.selenium.remote.RemoteWebDriver.execute(RemoteWebDriver.java:518)
at org.openqa.selenium.remote.RemoteWebDriver.startSession(RemoteWebDriver.java:232)
at org.openqa.selenium.remote.RemoteWebDriver.<init>(RemoteWebDriver.java:161)
at org.openqa.selenium.remote.RemoteWebDriver.<init>(RemoteWebDriver.java:141)
at com.SauceDemoProject.Utilities.BaseClass2.setUp(BaseClass2.java:164)
at java.base/java.util.concurrent.ThreadPoolExecutor.runWorker(ThreadPoolExecutor.java:1136)
at java.base/java.util.concurrent.ThreadPoolExecutor$Worker.run(ThreadPoolExecutor.java:635)
at java.base/java.lang.Thread.run(Thread.java:840)
... Removed 10 stack frames]]>
    </failure>
  </testcase> <!-- @BeforeClass setUp -->
  <testcase classname="com.SauceDemoProject.Utilities.BaseClass2" name="@BeforeMethod setTestName" time="0.0">
    <skipped/>
  </testcase> <!-- @BeforeMethod setTestName -->
  <testcase classname="com.SauceDemoProject.Utilities.BaseClass2" name="@AfterMethod testStatus" time="0.0">
    <skipped/>
  </testcase> <!-- @AfterMethod testStatus -->
  <testcase classname="com.SauceDemoProject.Utilities.BaseClass2" name="@AfterClass tearDown" time="0.0">
    <skipped/>
  </testcase> <!-- @AfterClass tearDown -->
  <testcase classname="com.SauceDemoProject.TestScripts.TC_PersonalDetails_003" name="personalDetails" time="47.148"/>
  <testcase classname="com.SauceDemoProject.TestScripts.TC_Login_001" name="userLogin" time="0.0">
    <skipped/>
  </testcase> <!-- userLogin -->
</testsuite> <!-- Chrome Test : Latest : Windows 11 -->
