<html>
<head>
<title>TestNG:  Chrome Test : 126 : Windows 11</title>
<link href="../testng.css" rel="stylesheet" type="text/css" />
<link href="../my-testng.css" rel="stylesheet" type="text/css" />

<style type="text/css">
.log { display: none;} 
.stack-trace { display: none;} 
</style>
<script type="text/javascript">
<!--
function flip(e) {
  current = e.style.display;
  if (current == 'block') {
    e.style.display = 'none';
    return 0;
  }
  else {
    e.style.display = 'block';
    return 1;
  }
}

function toggleBox(szDivId, elem, msg1, msg2)
{
  var res = -1;  if (document.getElementById) {
    res = flip(document.getElementById(szDivId));
  }
  else if (document.all) {
    // this is the way old msie versions work
    res = flip(document.all[szDivId]);
  }
  if(elem) {
    if(res == 0) elem.innerHTML = msg1; else elem.innerHTML = msg2;
  }

}

function toggleAllBoxes() {
  if (document.getElementsByTagName) {
    d = document.getElementsByTagName('div');
    for (i = 0; i < d.length; i++) {
      if (d[i].className == 'log') {
        flip(d[i]);
      }
    }
  }
}

// -->
</script>

</head>
<body>
<h2 align='center'>Chrome Test : 126 : Windows 11</h2><table border='1' align="center">
<tr>
<td>Tests passed/Failed/Skipped:</td><td>1/0/1</td>
</tr><tr>
<td>Started on:</td><td>Wed Jul 10 18:08:23 IST 2024</td>
</tr>
<tr><td>Total time:</td><td>63 seconds (63889 ms)</td>
</tr><tr>
<td>Included groups:</td><td></td>
</tr><tr>
<td>Excluded groups:</td><td></td>
</tr>
</table><p/>
<small><i>(Hover the method name to see the test class name)</i></small><p/>
<table width='100%' border='1' class='invocation-failed'>
<tr><td colspan='4' align='center'><b>FAILED CONFIGURATIONS</b></td></tr>
<tr><td><b>Test method</b></td>
<td><b>Attribute(s)</b></td>
<td width="30%"><b>Exception</b></td>
<td width="10%"><b>Time (seconds)</b></td>
<td><b>Instance</b></td>
</tr>
<tr>
<td title='com.SauceDemoProject.TestScripts.TC_RegistrationPage_002.setUp()'><b>setUp</b><br>Test class: com.SauceDemoProject.TestScripts.TC_RegistrationPage_002<br>Parameters: chrome, 126, Windows 11, 1920x1080</td>
<td><div><pre>org.openqa.selenium.SessionNotCreatedException: Could not start a new session. Response code 404. Message: unknown command: Cannot call non W3C standard command while in W3C mode 
Host info: host: &apos;ECCINHYD04681&apos;, ip: &apos;10.212.2.194&apos;
Build info: version: &apos;4.22.0&apos;, revision: &apos;c5f3146703*&apos;
System info: os.name: &apos;Windows 11&apos;, os.arch: &apos;amd64&apos;, os.version: &apos;10.0&apos;, java.version: &apos;17.0.9&apos;
Driver info: org.openqa.selenium.remote.RemoteWebDriver
Command: [null, newSession {capabilities=[Capabilities {browserName: chrome, browserVersion: 126, goog:chromeOptions: {args: [--start-fullscreen], extensions: []}, platformName: Windows 11, sauce:options: {accessKey: bdf09fc8-413c-4b58-a3cc-235..., build: Eccouncil Learning, screenResolution: 1920x1080, username: HemalathaManikandan}}]}]
Capabilities {browserName: chrome, browserVersion: 126, goog:chromeOptions: {args: [--start-fullscreen], extensions: []}, platformName: Windows 11, sauce:options: {accessKey: bdf09fc8-413c-4b58-a3cc-235..., build: Eccouncil Learning, screenResolution: 1920x1080, username: HemalathaManikandan}}
	at org.openqa.selenium.remote.ProtocolHandshake.createSession(ProtocolHandshake.java:114)
	at org.openqa.selenium.remote.ProtocolHandshake.createSession(ProtocolHandshake.java:75)
	at org.openqa.selenium.remote.ProtocolHandshake.createSession(ProtocolHandshake.java:61)
	at org.openqa.selenium.remote.HttpCommandExecutor.execute(HttpCommandExecutor.java:162)
	at org.openqa.selenium.remote.TracedCommandExecutor.execute(TracedCommandExecutor.java:53)
	at org.openqa.selenium.remote.RemoteWebDriver.execute(RemoteWebDriver.java:518)
	at org.openqa.selenium.remote.RemoteWebDriver.startSession(RemoteWebDriver.java:232)
	at org.openqa.selenium.remote.RemoteWebDriver.&lt;init&gt;(RemoteWebDriver.java:161)
	at org.openqa.selenium.remote.RemoteWebDriver.&lt;init&gt;(RemoteWebDriver.java:141)
	at com.SauceDemoProject.Utilities.BaseClass2.setUp(BaseClass2.java:164)
	at java.base/java.util.concurrent.ThreadPoolExecutor.runWorker(ThreadPoolExecutor.java:1136)
	at java.base/java.util.concurrent.ThreadPoolExecutor$Worker.run(ThreadPoolExecutor.java:635)
	at java.base/java.lang.Thread.run(Thread.java:840)
... Removed 10 stack frames</pre></div><a href='#' onClick='toggleBox("stack-trace1053272030", this, "Click to show all stack frames", "Click to hide stack frames")'>Click to show all stack frames</a>
<div class='stack-trace' id='stack-trace1053272030'><pre>org.openqa.selenium.SessionNotCreatedException: Could not start a new session. Response code 404. Message: unknown command: Cannot call non W3C standard command while in W3C mode 
Host info: host: &apos;ECCINHYD04681&apos;, ip: &apos;10.212.2.194&apos;
Build info: version: &apos;4.22.0&apos;, revision: &apos;c5f3146703*&apos;
System info: os.name: &apos;Windows 11&apos;, os.arch: &apos;amd64&apos;, os.version: &apos;10.0&apos;, java.version: &apos;17.0.9&apos;
Driver info: org.openqa.selenium.remote.RemoteWebDriver
Command: [null, newSession {capabilities=[Capabilities {browserName: chrome, browserVersion: 126, goog:chromeOptions: {args: [--start-fullscreen], extensions: []}, platformName: Windows 11, sauce:options: {accessKey: bdf09fc8-413c-4b58-a3cc-235..., build: Eccouncil Learning, screenResolution: 1920x1080, username: HemalathaManikandan}}]}]
Capabilities {browserName: chrome, browserVersion: 126, goog:chromeOptions: {args: [--start-fullscreen], extensions: []}, platformName: Windows 11, sauce:options: {accessKey: bdf09fc8-413c-4b58-a3cc-235..., build: Eccouncil Learning, screenResolution: 1920x1080, username: HemalathaManikandan}}
	at org.openqa.selenium.remote.ProtocolHandshake.createSession(ProtocolHandshake.java:114)
	at org.openqa.selenium.remote.ProtocolHandshake.createSession(ProtocolHandshake.java:75)
	at org.openqa.selenium.remote.ProtocolHandshake.createSession(ProtocolHandshake.java:61)
	at org.openqa.selenium.remote.HttpCommandExecutor.execute(HttpCommandExecutor.java:162)
	at org.openqa.selenium.remote.TracedCommandExecutor.execute(TracedCommandExecutor.java:53)
	at org.openqa.selenium.remote.RemoteWebDriver.execute(RemoteWebDriver.java:518)
	at org.openqa.selenium.remote.RemoteWebDriver.startSession(RemoteWebDriver.java:232)
	at org.openqa.selenium.remote.RemoteWebDriver.&lt;init&gt;(RemoteWebDriver.java:161)
	at org.openqa.selenium.remote.RemoteWebDriver.&lt;init&gt;(RemoteWebDriver.java:141)
	at com.SauceDemoProject.Utilities.BaseClass2.setUp(BaseClass2.java:164)
	at java.base/jdk.internal.reflect.NativeMethodAccessorImpl.invoke0(Native Method)
	at java.base/jdk.internal.reflect.NativeMethodAccessorImpl.invoke(NativeMethodAccessorImpl.java:77)
	at java.base/jdk.internal.reflect.DelegatingMethodAccessorImpl.invoke(DelegatingMethodAccessorImpl.java:43)
	at java.base/java.lang.reflect.Method.invoke(Method.java:568)
	at org.testng.internal.invokers.MethodInvocationHelper.invokeMethod(MethodInvocationHelper.java:139)
	at org.testng.internal.invokers.MethodInvocationHelper.invokeMethodConsideringTimeout(MethodInvocationHelper.java:69)
	at org.testng.internal.invokers.ConfigInvoker.invokeConfigurationMethod(ConfigInvoker.java:390)
	at org.testng.internal.invokers.ConfigInvoker.invokeConfigurations(ConfigInvoker.java:325)
	at org.testng.internal.invokers.TestMethodWorker.invokeBeforeClassMethods(TestMethodWorker.java:180)
	at org.testng.internal.invokers.TestMethodWorker.run(TestMethodWorker.java:122)
	at java.base/java.util.concurrent.ThreadPoolExecutor.runWorker(ThreadPoolExecutor.java:1136)
	at java.base/java.util.concurrent.ThreadPoolExecutor$Worker.run(ThreadPoolExecutor.java:635)
	at java.base/java.lang.Thread.run(Thread.java:840)
</pre></div></td>
<td>63</td>
<td>com.SauceDemoProject.TestScripts.TC_RegistrationPage_002@8dbfffb</td></tr>
</table><p>
<table width='100%' border='1' class='invocation-skipped'>
<tr><td colspan='4' align='center'><b>SKIPPED CONFIGURATIONS</b></td></tr>
<tr><td><b>Test method</b></td>
<td><b>Attribute(s)</b></td>
<td width="30%"><b>Exception</b></td>
<td width="10%"><b>Time (seconds)</b></td>
<td><b>Instance</b></td>
</tr>
<tr>
<td title='com.SauceDemoProject.TestScripts.TC_RegistrationPage_002.testStatus()'><b>testStatus</b><br>Test class: com.SauceDemoProject.TestScripts.TC_RegistrationPage_002</td>
<td></td>
<td>0</td>
<td>com.SauceDemoProject.TestScripts.TC_RegistrationPage_002@8dbfffb</td></tr>
<tr>
<td title='com.SauceDemoProject.TestScripts.TC_RegistrationPage_002.setTestName()'><b>setTestName</b><br>Test class: com.SauceDemoProject.TestScripts.TC_RegistrationPage_002</td>
<td></td>
<td>0</td>
<td>com.SauceDemoProject.TestScripts.TC_RegistrationPage_002@8dbfffb</td></tr>
<tr>
<td title='com.SauceDemoProject.TestScripts.TC_RegistrationPage_002.tearDown()'><b>tearDown</b><br>Test class: com.SauceDemoProject.TestScripts.TC_RegistrationPage_002</td>
<td></td>
<td>0</td>
<td>com.SauceDemoProject.TestScripts.TC_RegistrationPage_002@8dbfffb</td></tr>
</table><p>
<table width='100%' border='1' class='invocation-passed'>
<tr><td colspan='4' align='center'><b>PASSED TESTS</b></td></tr>
<tr><td><b>Test method</b></td>
<td><b>Attribute(s)</b></td>
<td width="30%"><b>Exception</b></td>
<td width="10%"><b>Time (seconds)</b></td>
<td><b>Instance</b></td>
</tr>
<tr>
<td title='com.SauceDemoProject.TestScripts.TC_PersonalDetails_003.personalDetails()'><b>personalDetails</b><br>Test class: com.SauceDemoProject.TestScripts.TC_PersonalDetails_003<br>Test method: Update user personal details<br>Parameters: sigake1144@elahan.com, Welcome@1234, siga, elahan, 9877667655, Welcome@1234</td>
<td></td>
<td>43</td>
<td>com.SauceDemoProject.TestScripts.TC_PersonalDetails_003@41d426b5</td></tr>
</table><p>
<table width='100%' border='1' class='invocation-skipped'>
<tr><td colspan='4' align='center'><b>SKIPPED TESTS</b></td></tr>
<tr><td><b>Test method</b></td>
<td><b>Attribute(s)</b></td>
<td width="30%"><b>Exception</b></td>
<td width="10%"><b>Time (seconds)</b></td>
<td><b>Instance</b></td>
</tr>
<tr>
<td title='com.SauceDemoProject.TestScripts.TC_RegistrationPage_002.userRegistration()'><b>userRegistration</b><br>Test class: com.SauceDemoProject.TestScripts.TC_RegistrationPage_002<br>Test method: Verify User Registration<br>Parameters: sigake1144@elahan.com, Welcome@1234</td>
<td><div><pre>org.openqa.selenium.SessionNotCreatedException: Could not start a new session. Response code 404. Message: unknown command: Cannot call non W3C standard command while in W3C mode 
Host info: host: &apos;ECCINHYD04681&apos;, ip: &apos;10.212.2.194&apos;
Build info: version: &apos;4.22.0&apos;, revision: &apos;c5f3146703*&apos;
System info: os.name: &apos;Windows 11&apos;, os.arch: &apos;amd64&apos;, os.version: &apos;10.0&apos;, java.version: &apos;17.0.9&apos;
Driver info: org.openqa.selenium.remote.RemoteWebDriver
Command: [null, newSession {capabilities=[Capabilities {browserName: chrome, browserVersion: 126, goog:chromeOptions: {args: [--start-fullscreen], extensions: []}, platformName: Windows 11, sauce:options: {accessKey: bdf09fc8-413c-4b58-a3cc-235..., build: Eccouncil Learning, screenResolution: 1920x1080, username: HemalathaManikandan}}]}]
Capabilities {browserName: chrome, browserVersion: 126, goog:chromeOptions: {args: [--start-fullscreen], extensions: []}, platformName: Windows 11, sauce:options: {accessKey: bdf09fc8-413c-4b58-a3cc-235..., build: Eccouncil Learning, screenResolution: 1920x1080, username: HemalathaManikandan}}
	at org.openqa.selenium.remote.ProtocolHandshake.createSession(ProtocolHandshake.java:114)
	at org.openqa.selenium.remote.ProtocolHandshake.createSession(ProtocolHandshake.java:75)
	at org.openqa.selenium.remote.ProtocolHandshake.createSession(ProtocolHandshake.java:61)
	at org.openqa.selenium.remote.HttpCommandExecutor.execute(HttpCommandExecutor.java:162)
	at org.openqa.selenium.remote.TracedCommandExecutor.execute(TracedCommandExecutor.java:53)
	at org.openqa.selenium.remote.RemoteWebDriver.execute(RemoteWebDriver.java:518)
	at org.openqa.selenium.remote.RemoteWebDriver.startSession(RemoteWebDriver.java:232)
	at org.openqa.selenium.remote.RemoteWebDriver.&lt;init&gt;(RemoteWebDriver.java:161)
	at org.openqa.selenium.remote.RemoteWebDriver.&lt;init&gt;(RemoteWebDriver.java:141)
	at com.SauceDemoProject.Utilities.BaseClass2.setUp(BaseClass2.java:164)
	at java.base/java.util.concurrent.ThreadPoolExecutor.runWorker(ThreadPoolExecutor.java:1136)
	at java.base/java.util.concurrent.ThreadPoolExecutor$Worker.run(ThreadPoolExecutor.java:635)
	at java.base/java.lang.Thread.run(Thread.java:840)
... Removed 10 stack frames</pre></div><a href='#' onClick='toggleBox("stack-trace20353099", this, "Click to show all stack frames", "Click to hide stack frames")'>Click to show all stack frames</a>
<div class='stack-trace' id='stack-trace20353099'><pre>org.openqa.selenium.SessionNotCreatedException: Could not start a new session. Response code 404. Message: unknown command: Cannot call non W3C standard command while in W3C mode 
Host info: host: &apos;ECCINHYD04681&apos;, ip: &apos;10.212.2.194&apos;
Build info: version: &apos;4.22.0&apos;, revision: &apos;c5f3146703*&apos;
System info: os.name: &apos;Windows 11&apos;, os.arch: &apos;amd64&apos;, os.version: &apos;10.0&apos;, java.version: &apos;17.0.9&apos;
Driver info: org.openqa.selenium.remote.RemoteWebDriver
Command: [null, newSession {capabilities=[Capabilities {browserName: chrome, browserVersion: 126, goog:chromeOptions: {args: [--start-fullscreen], extensions: []}, platformName: Windows 11, sauce:options: {accessKey: bdf09fc8-413c-4b58-a3cc-235..., build: Eccouncil Learning, screenResolution: 1920x1080, username: HemalathaManikandan}}]}]
Capabilities {browserName: chrome, browserVersion: 126, goog:chromeOptions: {args: [--start-fullscreen], extensions: []}, platformName: Windows 11, sauce:options: {accessKey: bdf09fc8-413c-4b58-a3cc-235..., build: Eccouncil Learning, screenResolution: 1920x1080, username: HemalathaManikandan}}
	at org.openqa.selenium.remote.ProtocolHandshake.createSession(ProtocolHandshake.java:114)
	at org.openqa.selenium.remote.ProtocolHandshake.createSession(ProtocolHandshake.java:75)
	at org.openqa.selenium.remote.ProtocolHandshake.createSession(ProtocolHandshake.java:61)
	at org.openqa.selenium.remote.HttpCommandExecutor.execute(HttpCommandExecutor.java:162)
	at org.openqa.selenium.remote.TracedCommandExecutor.execute(TracedCommandExecutor.java:53)
	at org.openqa.selenium.remote.RemoteWebDriver.execute(RemoteWebDriver.java:518)
	at org.openqa.selenium.remote.RemoteWebDriver.startSession(RemoteWebDriver.java:232)
	at org.openqa.selenium.remote.RemoteWebDriver.&lt;init&gt;(RemoteWebDriver.java:161)
	at org.openqa.selenium.remote.RemoteWebDriver.&lt;init&gt;(RemoteWebDriver.java:141)
	at com.SauceDemoProject.Utilities.BaseClass2.setUp(BaseClass2.java:164)
	at java.base/jdk.internal.reflect.NativeMethodAccessorImpl.invoke0(Native Method)
	at java.base/jdk.internal.reflect.NativeMethodAccessorImpl.invoke(NativeMethodAccessorImpl.java:77)
	at java.base/jdk.internal.reflect.DelegatingMethodAccessorImpl.invoke(DelegatingMethodAccessorImpl.java:43)
	at java.base/java.lang.reflect.Method.invoke(Method.java:568)
	at org.testng.internal.invokers.MethodInvocationHelper.invokeMethod(MethodInvocationHelper.java:139)
	at org.testng.internal.invokers.MethodInvocationHelper.invokeMethodConsideringTimeout(MethodInvocationHelper.java:69)
	at org.testng.internal.invokers.ConfigInvoker.invokeConfigurationMethod(ConfigInvoker.java:390)
	at org.testng.internal.invokers.ConfigInvoker.invokeConfigurations(ConfigInvoker.java:325)
	at org.testng.internal.invokers.TestMethodWorker.invokeBeforeClassMethods(TestMethodWorker.java:180)
	at org.testng.internal.invokers.TestMethodWorker.run(TestMethodWorker.java:122)
	at java.base/java.util.concurrent.ThreadPoolExecutor.runWorker(ThreadPoolExecutor.java:1136)
	at java.base/java.util.concurrent.ThreadPoolExecutor$Worker.run(ThreadPoolExecutor.java:635)
	at java.base/java.lang.Thread.run(Thread.java:840)
</pre></div></td>
<td>0</td>
<td>com.SauceDemoProject.TestScripts.TC_RegistrationPage_002@8dbfffb</td></tr>
</table><p>
</body>
</html>