{"uuid":"0c3bebc2-d1e0-4308-9fa8-2cc14059e52a","historyId":"6b054a9f2a16191f91d226e3d4b9f73binvalidcurrentpassword@1","fullName":"com.CodeRed.TestCases.TC_PersonalDetailsPercy_009.userLogout","labels":[{"name":"package","value":"com.CodeRed.TestCases.TC_PersonalDetailsPercy_009"},{"name":"testClass","value":"com.CodeRed.TestCases.TC_PersonalDetailsPercy_009"},{"name":"testMethod","value":"userLogout"},{"name":"parentSuite","value":"Suite"},{"name":"suite","value":"Test-1"},{"name":"subSuite","value":"com.CodeRed.TestCases.TC_PersonalDetailsPercy_009"},{"name":"host","value":"ECCINHYD04681"},{"name":"thread","value":"14876@ECCINHYD04681.invalidcurrentpassword@1(42)"},{"name":"framework","value":"testng"},{"name":"language","value":"java"},{"name":"severity","value":"critical"}],"links":[],"name":"verify Logout","status":"skipped","statusDetails":{"known":false,"muted":false,"flaky":false,"message":"Could not start a new session. Possible causes are invalid address of the remote server or browser start-up failure. \nHost info: host: 'ECCINHYD04681', ip: '192.168.109.243'","trace":"org.openqa.selenium.SessionNotCreatedException: Could not start a new session. Possible causes are invalid address of the remote server or browser start-up failure. \nHost info: host: 'ECCINHYD04681', ip: '192.168.109.243'\r\n\tat org.openqa.selenium.remote.RemoteWebDriver.execute(RemoteWebDriver.java:620)\r\n\tat org.openqa.selenium.remote.RemoteWebDriver.startSession(RemoteWebDriver.java:236)\r\n\tat org.openqa.selenium.remote.RemoteWebDriver.<init>(RemoteWebDriver.java:163)\r\n\tat org.openqa.selenium.chromium.ChromiumDriver.<init>(ChromiumDriver.java:108)\r\n\tat org.openqa.selenium.chrome.ChromeDriver.<init>(ChromeDriver.java:88)\r\n\tat org.openqa.selenium.chrome.ChromeDriver.<init>(ChromeDriver.java:83)\r\n\tat org.openqa.selenium.chrome.ChromeDriver.<init>(ChromeDriver.java:51)\r\n\tat com.CodeRed.Utilities.BaseClassNew.setUp(BaseClassNew.java:96)\r\n\tat java.base/jdk.internal.reflect.NativeMethodAccessorImpl.invoke0(Native Method)\r\n\tat java.base/jdk.internal.reflect.NativeMethodAccessorImpl.invoke(NativeMethodAccessorImpl.java:77)\r\n\tat java.base/jdk.internal.reflect.DelegatingMethodAccessorImpl.invoke(DelegatingMethodAccessorImpl.java:43)\r\n\tat java.base/java.lang.reflect.Method.invoke(Method.java:568)\r\n\tat org.testng.internal.invokers.MethodInvocationHelper.invokeMethod(MethodInvocationHelper.java:139)\r\n\tat org.testng.internal.invokers.MethodInvocationHelper.invokeMethodConsideringTimeout(MethodInvocationHelper.java:69)\r\n\tat org.testng.internal.invokers.ConfigInvoker.invokeConfigurationMethod(ConfigInvoker.java:390)\r\n\tat org.testng.internal.invokers.ConfigInvoker.invokeConfigurations(ConfigInvoker.java:325)\r\n\tat org.testng.internal.invokers.TestMethodWorker.invokeBeforeClassMethods(TestMethodWorker.java:180)\r\n\tat org.testng.internal.invokers.TestMethodWorker.run(TestMethodWorker.java:122)\r\n\tat java.base/java.util.ArrayList.forEach(ArrayList.java:1511)\r\n\tat org.testng.TestRunner.privateRun(TestRunner.java:848)\r\n\tat org.testng.TestRunner.run(TestRunner.java:621)\r\n\tat org.testng.SuiteRunner.runTest(SuiteRunner.java:443)\r\n\tat org.testng.SuiteRunner$SuiteWorker.run(SuiteRunner.java:481)\r\n\tat org.testng.internal.thread.ThreadUtil.lambda$execute$0(ThreadUtil.java:58)\r\n\tat java.base/java.util.concurrent.FutureTask.run(FutureTask.java:264)\r\n\tat java.base/java.util.concurrent.ThreadPoolExecutor.runWorker(ThreadPoolExecutor.java:1136)\r\n\tat java.base/java.util.concurrent.ThreadPoolExecutor$Worker.run(ThreadPoolExecutor.java:635)\r\n\tat java.base/java.lang.Thread.run(Thread.java:840)\r\nCaused by: org.openqa.selenium.WebDriverException: The property '#/firstMatch/0/bstack:options' contains additional properties [\"parallel\"] outside of the schema when none are allowed in the payload.\nBuild info: version: '4.12.0', revision: '249f2a7d1b*'\nSystem info: os.name: 'Windows 10', os.arch: 'amd64', os.version: '10.0', java.version: '17.0.9'\nDriver info: driver.version: ChromeDriver\nremote stacktrace: \r\n\tat java.base/jdk.internal.reflect.NativeConstructorAccessorImpl.newInstance0(Native Method)\r\n\tat java.base/jdk.internal.reflect.NativeConstructorAccessorImpl.newInstance(NativeConstructorAccessorImpl.java:77)\r\n\tat java.base/jdk.internal.reflect.DelegatingConstructorAccessorImpl.newInstance(DelegatingConstructorAccessorImpl.java:45)\r\n\tat java.base/java.lang.reflect.Constructor.newInstanceWithCaller(Constructor.java:499)\r\n\tat java.base/java.lang.reflect.Constructor.newInstance(Constructor.java:480)\r\n\tat org.openqa.selenium.remote.W3CHandshakeResponse.lambda$errorHandler$0(W3CHandshakeResponse.java:59)\r\n\tat org.openqa.selenium.remote.HandshakeResponse.lambda$getResponseFunction$0(HandshakeResponse.java:31)\r\n\tat org.openqa.selenium.remote.ProtocolHandshake.lambda$createSession$1(ProtocolHandshake.java:146)\r\n\tat java.base/java.util.stream.ReferencePipeline$3$1.accept(ReferencePipeline.java:197)\r\n\tat java.base/java.util.stream.Streams$StreamBuilderImpl.tryAdvance(Streams.java:397)\r\n\tat java.base/java.util.stream.ReferencePipeline.forEachWithCancel(ReferencePipeline.java:129)\r\n\tat java.base/java.util.stream.AbstractPipeline.copyIntoWithCancel(AbstractPipeline.java:527)\r\n\tat java.base/java.util.stream.AbstractPipeline.copyInto(AbstractPipeline.java:513)\r\n\tat java.base/java.util.stream.AbstractPipeline.wrapAndCopyInto(AbstractPipeline.java:499)\r\n\tat java.base/java.util.stream.FindOps$FindOp.evaluateSequential(FindOps.java:150)\r\n\tat java.base/java.util.stream.AbstractPipeline.evaluate(AbstractPipeline.java:234)\r\n\tat java.base/java.util.stream.ReferencePipeline.findFirst(ReferencePipeline.java:647)\r\n\tat org.openqa.selenium.remote.ProtocolHandshake.createSession(ProtocolHandshake.java:148)\r\n\tat org.openqa.selenium.remote.ProtocolHandshake.createSession(ProtocolHandshake.java:96)\r\n\tat org.openqa.selenium.remote.ProtocolHandshake.createSession(ProtocolHandshake.java:68)\r\n\tat org.openqa.selenium.remote.HttpCommandExecutor.execute(HttpCommandExecutor.java:163)\r\n\tat org.openqa.selenium.remote.RemoteWebDriver.execute(RemoteWebDriver.java:602)\r\n\t... 27 more\r\n"},"stage":"finished","steps":[],"attachments":[],"parameters":[{"name":"platform","value":"1"},{"name":"BSPlatform","value":"Windows, 10, Firefox, 102.0"},{"name":"BSPlatform","value":"Windows, 10, Firefox, 102.0"},{"name":"BSPlatform","value":"Windows, 10, Firefox, 102.0"}],"start":1706788740539,"stop":1706788743578}