{"uuid":"0cdeb893-3e7d-48d1-8b86-751a755a5562","name":"com.SauceDemoProject.TestScripts.TC_Login_001","children":["e34ed0a6-b19f-4d62-867d-7e05f470ac8e","10f8e211-abb5-4977-802b-6f632e53998b"],"befores":[{"name":"setUp","status":"broken","statusDetails":{"known":false,"muted":false,"flaky":false,"message":"Could not start a new session. Possible causes are invalid address of the remote server or browser start-up failure. \nHost info: host: 'ECCINHYD04681', ip: '10.212.2.194'\nBuild info: version: '4.22.0', revision: 'c5f3146703*'\nSystem info: os.name: 'Windows 11', os.arch: 'amd64', os.version: '10.0', java.version: '17.0.9'\nDriver info: io.appium.java_client.ios.IOSDriver\nCommand: [null, newSession {capabilities=[Capabilities {appium:deviceName: iPhone.*, appium:platformVersion: 15, automationName: XCUITest, browserName: Safari, browserVersion: 15, platformName: IOS, sauce:options: Capabilities {accessKey: bd...}]}]\nCapabilities {appium:deviceName: iPhone.*, appium:platformVersion: 15, automationName: XCUITest, browserName: Safari, browserVersion: 15, platformName: IOS, sauce:options: Capabilities {accessKey: bd...}","trace":"org.openqa.selenium.SessionNotCreatedException: Could not start a new session. Possible causes are invalid address of the remote server or browser start-up failure. \nHost info: host: 'ECCINHYD04681', ip: '10.212.2.194'\nBuild info: version: '4.22.0', revision: 'c5f3146703*'\nSystem info: os.name: 'Windows 11', os.arch: 'amd64', os.version: '10.0', java.version: '17.0.9'\nDriver info: io.appium.java_client.ios.IOSDriver\nCommand: [null, newSession {capabilities=[Capabilities {appium:deviceName: iPhone.*, appium:platformVersion: 15, automationName: XCUITest, browserName: Safari, browserVersion: 15, platformName: IOS, sauce:options: Capabilities {accessKey: bd...}]}]\nCapabilities {appium:deviceName: iPhone.*, appium:platformVersion: 15, automationName: XCUITest, browserName: Safari, browserVersion: 15, platformName: IOS, sauce:options: Capabilities {accessKey: bd...}\r\n\tat org.openqa.selenium.remote.RemoteWebDriver.execute(RemoteWebDriver.java:536)\r\n\tat io.appium.java_client.AppiumDriver.startSession(AppiumDriver.java:270)\r\n\tat org.openqa.selenium.remote.RemoteWebDriver.<init>(RemoteWebDriver.java:161)\r\n\tat io.appium.java_client.AppiumDriver.<init>(AppiumDriver.java:91)\r\n\tat io.appium.java_client.AppiumDriver.<init>(AppiumDriver.java:103)\r\n\tat io.appium.java_client.ios.IOSDriver.<init>(IOSDriver.java:101)\r\n\tat com.SauceDemoProject.Utilities.BaseClass.setUp(BaseClass.java:180)\r\n\tat java.base/jdk.internal.reflect.NativeMethodAccessorImpl.invoke0(Native Method)\r\n\tat java.base/jdk.internal.reflect.NativeMethodAccessorImpl.invoke(NativeMethodAccessorImpl.java:77)\r\n\tat java.base/jdk.internal.reflect.DelegatingMethodAccessorImpl.invoke(DelegatingMethodAccessorImpl.java:43)\r\n\tat java.base/java.lang.reflect.Method.invoke(Method.java:568)\r\n\tat org.testng.internal.invokers.MethodInvocationHelper.invokeMethod(MethodInvocationHelper.java:139)\r\n\tat org.testng.internal.invokers.MethodInvocationHelper.invokeMethodConsideringTimeout(MethodInvocationHelper.java:69)\r\n\tat org.testng.internal.invokers.ConfigInvoker.invokeConfigurationMethod(ConfigInvoker.java:390)\r\n\tat org.testng.internal.invokers.ConfigInvoker.invokeConfigurations(ConfigInvoker.java:325)\r\n\tat org.testng.internal.invokers.TestMethodWorker.invokeBeforeClassMethods(TestMethodWorker.java:180)\r\n\tat org.testng.internal.invokers.TestMethodWorker.run(TestMethodWorker.java:122)\r\n\tat java.base/java.util.ArrayList.forEach(ArrayList.java:1511)\r\n\tat org.testng.TestRunner.privateRun(TestRunner.java:848)\r\n\tat org.testng.TestRunner.run(TestRunner.java:621)\r\n\tat org.testng.SuiteRunner.runTest(SuiteRunner.java:443)\r\n\tat org.testng.SuiteRunner.runSequentially(SuiteRunner.java:437)\r\n\tat org.testng.SuiteRunner.privateRun(SuiteRunner.java:397)\r\n\tat org.testng.SuiteRunner.run(SuiteRunner.java:336)\r\n\tat org.testng.SuiteRunnerWorker.runSuite(SuiteRunnerWorker.java:52)\r\n\tat org.testng.SuiteRunnerWorker.run(SuiteRunnerWorker.java:95)\r\n\tat org.testng.TestNG.runSuitesSequentially(TestNG.java:1280)\r\n\tat org.testng.TestNG.runSuitesLocally(TestNG.java:1200)\r\n\tat org.testng.TestNG.runSuites(TestNG.java:1114)\r\n\tat org.testng.TestNG.run(TestNG.java:1082)\r\n\tat org.testng.remote.AbstractRemoteTestNG.run(AbstractRemoteTestNG.java:115)\r\n\tat org.testng.remote.RemoteTestNG.initAndRun(RemoteTestNG.java:251)\r\n\tat org.testng.remote.RemoteTestNG.main(RemoteTestNG.java:77)\r\nCaused by: java.lang.IllegalArgumentException: Illegal key values seen in w3c capabilities: [automationName]\r\n\tat org.openqa.selenium.remote.NewSessionPayload.lambda$validate$5(NewSessionPayload.java:163)\r\n\tat java.base/java.util.stream.ReferencePipeline$15$1.accept(ReferencePipeline.java:540)\r\n\tat java.base/java.util.stream.ReferencePipeline$15$1.accept(ReferencePipeline.java:541)\r\n\tat java.base/java.util.stream.ReferencePipeline$3$1.accept(ReferencePipeline.java:197)\r\n\tat java.base/java.util.stream.ReferencePipeline$15$1.accept(ReferencePipeline.java:541)\r\n\tat java.base/java.util.ArrayList$ArrayListSpliterator.forEachRemaining(ArrayList.java:1625)\r\n\tat java.base/java.util.stream.AbstractPipeline.copyInto(AbstractPipeline.java:509)\r\n\tat java.base/java.util.stream.AbstractPipeline.wrapAndCopyInto(AbstractPipeline.java:499)\r\n\tat java.base/java.util.stream.ForEachOps$ForEachOp.evaluateSequential(ForEachOps.java:150)\r\n\tat java.base/java.util.stream.ForEachOps$ForEachOp$OfRef.evaluateSequential(ForEachOps.java:173)\r\n\tat java.base/java.util.stream.AbstractPipeline.evaluate(AbstractPipeline.java:234)\r\n\tat java.base/java.util.stream.ReferencePipeline.forEach(ReferencePipeline.java:596)\r\n\tat org.openqa.selenium.remote.NewSessionPayload.validate(NewSessionPayload.java:167)\r\n\tat org.openqa.selenium.remote.NewSessionPayload.<init>(NewSessionPayload.java:70)\r\n\tat org.openqa.selenium.remote.NewSessionPayload.create(NewSessionPayload.java:99)\r\n\tat org.openqa.selenium.remote.NewSessionPayload.create(NewSessionPayload.java:84)\r\n\tat org.openqa.selenium.remote.ProtocolHandshake.createSession(ProtocolHandshake.java:60)\r\n\tat io.appium.java_client.remote.AppiumCommandExecutor.createSession(AppiumCommandExecutor.java:176)\r\n\tat io.appium.java_client.remote.AppiumCommandExecutor.execute(AppiumCommandExecutor.java:237)\r\n\tat org.openqa.selenium.remote.RemoteWebDriver.execute(RemoteWebDriver.java:518)\r\n\t... 32 more\r\n"},"stage":"finished","description":"","steps":[],"attachments":[],"parameters":[],"start":1720503901865,"stop":1720503901875}],"afters":[{"name":"tearDown","status":"broken","stage":"finished","description":"","steps":[],"attachments":[],"parameters":[],"start":1720503901925,"stop":1720503901925}],"start":1720503901862,"stop":1720503901992}