{"uuid":"46a245f3-79b1-45f0-8b66-2fab586dd2a9","historyId":"6a166be76ce7cb86cadf89934f75e3d6","fullName":"com.SauceDemoProject.Utilities.BaseClass.tearDown","labels":[{"name":"package","value":"com.SauceDemoProject.TestScripts.TC_Login_005"},{"name":"testClass","value":"com.SauceDemoProject.TestScripts.TC_Login_005"},{"name":"testMethod","value":"tearDown"},{"name":"parentSuite","value":"CrossBrowserSuite"},{"name":"suite","value":"iOS Device Test"},{"name":"subSuite","value":"com.SauceDemoProject.TestScripts.TC_Login_005"},{"name":"host","value":"ECCINHYD04681"},{"name":"thread","value":"31288@ECCINHYD04681.main(1)"},{"name":"framework","value":"testng"},{"name":"language","value":"java"},{"name":"AS_ID","value":"-1"}],"links":[],"name":"tearDown","status":"broken","statusDetails":{"known":false,"muted":false,"flaky":false,"message":"Error communicating with the remote browser. It may have died.\nBuild info: version: '4.22.0', revision: 'c5f3146703*'\nSystem info: os.name: 'Windows 11', os.arch: 'amd64', os.version: '10.0', java.version: '17.0.9'\nDriver info: org.openqa.selenium.remote.RemoteWebDriver\nCommand: [3d660c45-be59-490b-ac6c-57ebcc3f9130, quit []]\nCapabilities {appiumData: {appiumVersion: latest, automationName: XCUITest}, automationName: XCUITest, browserName: safari, commandTimeouts: {default: 60000}, databaseEnabled: false, deviceContextId: 1655c180-089c-44d1-8d7b-0ce..., deviceName: 00008030-001D283926E0802E, deviceOrientation: Landscape, flutterSystemPort: 6315, javascriptEnabled: true, jobUuid: 74bf5b9dd7e74cae88dc534b78d..., locationContextEnabled: false, networkConnectionEnabled: false, orientation: PORTRAIT, platform: MAC, platformName: IOS, platformVersion: 15.7, sauce:options: {accessKey: bdf09fc8-413c-4b58-a3cc-235..., appLaunchStateTimeoutSec: 50, appiumVersion: latest, build: Eccouncil Learning, realDevice: true, username: HemalathaManikandan}, takesScreenshot: true, testobject_device: iPhone_11_Pro_Max_real_us, testobject_device_name: iPhone 11 Pro Max, testobject_device_session_id: b1809b37-1b44-4b58-813a-ce2..., testobject_test_report_api_url: https://api.us-west-1.sauce..., testobject_test_report_url: https://app.saucelabs.com/t..., testobject_user_id: ECCouncil, udid: 00008030-001D283926E0802E, usedCachedDevice: false, webDriverAgentUrl: http://127.0.0.1:5715, webStorageEnabled: false}\nSession ID: 3d660c45-be59-490b-ac6c-57ebcc3f9130","trace":"org.openqa.selenium.remote.UnreachableBrowserException: Error communicating with the remote browser. It may have died.\nBuild info: version: '4.22.0', revision: 'c5f3146703*'\nSystem info: os.name: 'Windows 11', os.arch: 'amd64', os.version: '10.0', java.version: '17.0.9'\nDriver info: org.openqa.selenium.remote.RemoteWebDriver\nCommand: [3d660c45-be59-490b-ac6c-57ebcc3f9130, quit []]\nCapabilities {appiumData: {appiumVersion: latest, automationName: XCUITest}, automationName: XCUITest, browserName: safari, commandTimeouts: {default: 60000}, databaseEnabled: false, deviceContextId: 1655c180-089c-44d1-8d7b-0ce..., deviceName: 00008030-001D283926E0802E, deviceOrientation: Landscape, flutterSystemPort: 6315, javascriptEnabled: true, jobUuid: 74bf5b9dd7e74cae88dc534b78d..., locationContextEnabled: false, networkConnectionEnabled: false, orientation: PORTRAIT, platform: MAC, platformName: IOS, platformVersion: 15.7, sauce:options: {accessKey: bdf09fc8-413c-4b58-a3cc-235..., appLaunchStateTimeoutSec: 50, appiumVersion: latest, build: Eccouncil Learning, realDevice: true, username: HemalathaManikandan}, takesScreenshot: true, testobject_device: iPhone_11_Pro_Max_real_us, testobject_device_name: iPhone 11 Pro Max, testobject_device_session_id: b1809b37-1b44-4b58-813a-ce2..., testobject_test_report_api_url: https://api.us-west-1.sauce..., testobject_test_report_url: https://app.saucelabs.com/t..., testobject_user_id: ECCouncil, udid: 00008030-001D283926E0802E, usedCachedDevice: false, webDriverAgentUrl: http://127.0.0.1:5715, webStorageEnabled: false}\nSession ID: 3d660c45-be59-490b-ac6c-57ebcc3f9130\r\n\tat org.openqa.selenium.remote.RemoteWebDriver.execute(RemoteWebDriver.java:545)\r\n\tat org.openqa.selenium.remote.RemoteWebDriver.execute(RemoteWebDriver.java:591)\r\n\tat org.openqa.selenium.remote.RemoteWebDriver.execute(RemoteWebDriver.java:595)\r\n\tat org.openqa.selenium.remote.RemoteWebDriver.quit(RemoteWebDriver.java:433)\r\n\tat com.SauceDemoProject.Utilities.BaseClass.tearDown(BaseClass.java:219)\r\n\tat java.base/jdk.internal.reflect.NativeMethodAccessorImpl.invoke0(Native Method)\r\n\tat java.base/jdk.internal.reflect.NativeMethodAccessorImpl.invoke(NativeMethodAccessorImpl.java:77)\r\n\tat java.base/jdk.internal.reflect.DelegatingMethodAccessorImpl.invoke(DelegatingMethodAccessorImpl.java:43)\r\n\tat java.base/java.lang.reflect.Method.invoke(Method.java:568)\r\n\tat org.testng.internal.invokers.MethodInvocationHelper.invokeMethod(MethodInvocationHelper.java:139)\r\n\tat org.testng.internal.invokers.MethodInvocationHelper.invokeMethodConsideringTimeout(MethodInvocationHelper.java:69)\r\n\tat org.testng.internal.invokers.ConfigInvoker.invokeConfigurationMethod(ConfigInvoker.java:390)\r\n\tat org.testng.internal.invokers.ConfigInvoker.invokeConfigurations(ConfigInvoker.java:325)\r\n\tat org.testng.internal.invokers.TestMethodWorker.invokeAfterClassConfigurations(TestMethodWorker.java:229)\r\n\tat org.testng.internal.invokers.TestMethodWorker.invokeAfterClassMethods(TestMethodWorker.java:215)\r\n\tat org.testng.internal.invokers.TestMethodWorker.run(TestMethodWorker.java:131)\r\n\tat java.base/java.util.ArrayList.forEach(ArrayList.java:1511)\r\n\tat org.testng.TestRunner.privateRun(TestRunner.java:848)\r\n\tat org.testng.TestRunner.run(TestRunner.java:621)\r\n\tat org.testng.SuiteRunner.runTest(SuiteRunner.java:443)\r\n\tat org.testng.SuiteRunner.runSequentially(SuiteRunner.java:437)\r\n\tat org.testng.SuiteRunner.privateRun(SuiteRunner.java:397)\r\n\tat org.testng.SuiteRunner.run(SuiteRunner.java:336)\r\n\tat org.testng.SuiteRunnerWorker.runSuite(SuiteRunnerWorker.java:52)\r\n\tat org.testng.SuiteRunnerWorker.run(SuiteRunnerWorker.java:95)\r\n\tat org.testng.TestNG.runSuitesSequentially(TestNG.java:1280)\r\n\tat org.testng.TestNG.runSuitesLocally(TestNG.java:1200)\r\n\tat org.testng.TestNG.runSuites(TestNG.java:1114)\r\n\tat org.testng.TestNG.run(TestNG.java:1082)\r\n\tat org.testng.remote.AbstractRemoteTestNG.run(AbstractRemoteTestNG.java:115)\r\n\tat org.testng.remote.RemoteTestNG.initAndRun(RemoteTestNG.java:251)\r\n\tat org.testng.remote.RemoteTestNG.main(RemoteTestNG.java:77)\r\nCaused by: java.lang.IllegalArgumentException: Unable to find mapping for {value={stackTrace=[], message=Unable to find session with requested ID: 3d660c45-be59-490b-ac6c-57ebcc3f9130. The session might have been closed if no request came in up to 90 seconds or never existed\nBuild info: version: 'unknown', revision: 'unknown', time: 'unknown'\nSystem info: host: 'rdc-manual-87bcc7c8d-w9ngn', ip: '240.1.31.25', os.name: 'Linux', os.arch: 'amd64', os.version: '6.1.85+', java.version: '11.0.23'\nDriver info: driver.version: unknown}, sessionId=3d660c45-be59-490b-ac6c-57ebcc3f9130, status=13, state=unknown error}\r\n\tat org.openqa.selenium.remote.ErrorCodec.decode(ErrorCodec.java:152)\r\n\tat org.openqa.selenium.remote.codec.w3c.W3CHttpResponseCodec.decode(W3CHttpResponseCodec.java:138)\r\n\tat org.openqa.selenium.remote.codec.w3c.W3CHttpResponseCodec.decode(W3CHttpResponseCodec.java:50)\r\n\tat org.openqa.selenium.remote.HttpCommandExecutor.execute(HttpCommandExecutor.java:190)\r\n\tat org.openqa.selenium.remote.TracedCommandExecutor.execute(TracedCommandExecutor.java:53)\r\n\tat org.openqa.selenium.remote.RemoteWebDriver.execute(RemoteWebDriver.java:518)\r\n\t... 31 more\r\n"},"stage":"finished","steps":[],"attachments":[],"parameters":[{"name":"devicePlatformVersion","value":"15"},{"name":"browser","value":"safari"},{"name":"appiumName","value":"XCUITest"},{"name":"deviceOrientation","value":"Landscape"},{"name":"devicePlatform","value":"iOS"},{"name":"deviceName","value":"iPhone.*"}],"start":1720599255966,"stop":1720599255967}