{"uuid":"8ddb72a7-d080-415f-bedf-0b97b89fad51","historyId":"a643e10a1b7985ceab054790b7b3a05f","fullName":"com.CodeRed.TestCases.TC_LoginLogout_001Test.userLoginUsernamePwd","labels":[{"name":"package","value":"com.CodeRed.TestCases.TC_LoginLogout_001Test"},{"name":"testClass","value":"com.CodeRed.TestCases.TC_LoginLogout_001Test"},{"name":"testMethod","value":"userLoginUsernamePwd"},{"name":"parentSuite","value":"Default suite"},{"name":"suite","value":"Default test"},{"name":"subSuite","value":"com.CodeRed.TestCases.TC_LoginLogout_001Test"},{"name":"host","value":"ECCINHYD04681"},{"name":"thread","value":"21736@ECCINHYD04681.main(1)"},{"name":"framework","value":"testng"},{"name":"language","value":"java"},{"name":"severity","value":"critical"}],"links":[],"name":"Verify Login with valid username/password","status":"broken","statusDetails":{"known":false,"muted":false,"flaky":false,"message":"Cannot run program \"C:\\Users\\HemalathaManikandan\\eclipse-workspace\\CodeRedDemoProject\\backstop.json\": CreateProcess error=193, %1 is not a valid Win32 application","trace":"java.io.IOException: Cannot run program \"C:\\Users\\HemalathaManikandan\\eclipse-workspace\\CodeRedDemoProject\\backstop.json\": CreateProcess error=193, %1 is not a valid Win32 application\r\n\tat java.base/java.lang.ProcessBuilder.start(ProcessBuilder.java:1128)\r\n\tat java.base/java.lang.ProcessBuilder.start(ProcessBuilder.java:1071)\r\n\tat com.CodeRed.TestCases.TC_LoginLogout_001Test.userLoginUsernamePwd(TC_LoginLogout_001Test.java:33)\r\n\tat java.base/jdk.internal.reflect.NativeMethodAccessorImpl.invoke0(Native Method)\r\n\tat java.base/jdk.internal.reflect.NativeMethodAccessorImpl.invoke(NativeMethodAccessorImpl.java:62)\r\n\tat java.base/jdk.internal.reflect.DelegatingMethodAccessorImpl.invoke(DelegatingMethodAccessorImpl.java:43)\r\n\tat java.base/java.lang.reflect.Method.invoke(Method.java:566)\r\n\tat org.testng.internal.invokers.MethodInvocationHelper.invokeMethod(MethodInvocationHelper.java:139)\r\n\tat org.testng.internal.invokers.TestInvoker.invokeMethod(TestInvoker.java:664)\r\n\tat org.testng.internal.invokers.TestInvoker.invokeTestMethod(TestInvoker.java:227)\r\n\tat org.testng.internal.invokers.MethodRunner.runInSequence(MethodRunner.java:50)\r\n\tat org.testng.internal.invokers.TestInvoker$MethodInvocationAgent.invoke(TestInvoker.java:957)\r\n\tat org.testng.internal.invokers.TestInvoker.invokeTestMethods(TestInvoker.java:200)\r\n\tat org.testng.internal.invokers.TestMethodWorker.invokeTestMethods(TestMethodWorker.java:148)\r\n\tat org.testng.internal.invokers.TestMethodWorker.run(TestMethodWorker.java:128)\r\n\tat java.base/java.util.ArrayList.forEach(ArrayList.java:1541)\r\n\tat org.testng.TestRunner.privateRun(TestRunner.java:848)\r\n\tat org.testng.TestRunner.run(TestRunner.java:621)\r\n\tat org.testng.SuiteRunner.runTest(SuiteRunner.java:443)\r\n\tat org.testng.SuiteRunner.runSequentially(SuiteRunner.java:437)\r\n\tat org.testng.SuiteRunner.privateRun(SuiteRunner.java:397)\r\n\tat org.testng.SuiteRunner.run(SuiteRunner.java:336)\r\n\tat org.testng.SuiteRunnerWorker.runSuite(SuiteRunnerWorker.java:52)\r\n\tat org.testng.SuiteRunnerWorker.run(SuiteRunnerWorker.java:95)\r\n\tat org.testng.TestNG.runSuitesSequentially(TestNG.java:1280)\r\n\tat org.testng.TestNG.runSuitesLocally(TestNG.java:1200)\r\n\tat org.testng.TestNG.runSuites(TestNG.java:1114)\r\n\tat org.testng.TestNG.run(TestNG.java:1082)\r\n\tat org.testng.remote.AbstractRemoteTestNG.run(AbstractRemoteTestNG.java:115)\r\n\tat org.testng.remote.RemoteTestNG.initAndRun(RemoteTestNG.java:251)\r\n\tat org.testng.remote.RemoteTestNG.main(RemoteTestNG.java:77)\r\nCaused by: java.io.IOException: CreateProcess error=193, %1 is not a valid Win32 application\r\n\tat java.base/java.lang.ProcessImpl.create(Native Method)\r\n\tat java.base/java.lang.ProcessImpl.<init>(ProcessImpl.java:492)\r\n\tat java.base/java.lang.ProcessImpl.start(ProcessImpl.java:153)\r\n\tat java.base/java.lang.ProcessBuilder.start(ProcessBuilder.java:1107)\r\n\t... 30 more\r\n"},"stage":"finished","steps":[],"attachments":[],"parameters":[{"name":"arg1","value":"Test@123"},{"name":"arg0","value":"yetam76594@jalunaki.com"}],"start":1704285441931,"stop":1704285441938}