{"uuid":"96332be4-b898-4c7f-b00e-33c24918a950","historyId":"23ed83a190ef848030c3eb7fad4b54de","fullName":"com.SauceDemoProject.TestScripts.TC_Login_001.userLogin","labels":[{"name":"package","value":"com.SauceDemoProject.TestScripts.TC_Login_001"},{"name":"testClass","value":"com.SauceDemoProject.TestScripts.TC_Login_001"},{"name":"testMethod","value":"userLogin"},{"name":"parentSuite","value":"CrossBrowserSuite"},{"name":"suite","value":"iOS Device Test"},{"name":"subSuite","value":"com.SauceDemoProject.TestScripts.TC_Login_001"},{"name":"host","value":"ECCINHYD04681"},{"name":"thread","value":"27988@ECCINHYD04681.main(1)"},{"name":"framework","value":"testng"},{"name":"language","value":"java"},{"name":"severity","value":"critical"}],"links":[],"name":"Verify Login with valid username/password","status":"skipped","statusDetails":{"known":false,"muted":false,"flaky":false,"message":"Could not start a new session. Possible causes are invalid address of the remote server or browser start-up failure. \nHost info: host: 'ECCINHYD04681', ip: '10.212.2.194'\nBuild info: version: '4.22.0', revision: 'c5f3146703*'\nSystem info: os.name: 'Windows 11', os.arch: 'amd64', os.version: '10.0', java.version: '17.0.9'\nDriver info: io.appium.java_client.ios.IOSDriver\nCommand: [null, newSession {capabilities=[Capabilities {appium:automationName: XCUITest, appium:deviceName: iPhone.*, automationName: XCUITest, browserName: safari, browserVersion: latest, model: 14, platformName: IOS, sauce:options: Capabilities {accessKey: bd...}]}]\nCapabilities {appium:automationName: XCUITest, appium:deviceName: iPhone.*, automationName: XCUITest, browserName: safari, browserVersion: latest, model: 14, platformName: IOS, sauce:options: Capabilities {accessKey: bd...}","trace":"org.openqa.selenium.SessionNotCreatedException: Could not start a new session. Possible causes are invalid address of the remote server or browser start-up failure. \nHost info: host: 'ECCINHYD04681', ip: '10.212.2.194'\nBuild info: version: '4.22.0', revision: 'c5f3146703*'\nSystem info: os.name: 'Windows 11', os.arch: 'amd64', os.version: '10.0', java.version: '17.0.9'\nDriver info: io.appium.java_client.ios.IOSDriver\nCommand: [null, newSession {capabilities=[Capabilities {appium:automationName: XCUITest, appium:deviceName: iPhone.*, automationName: XCUITest, browserName: safari, browserVersion: latest, model: 14, platformName: IOS, sauce:options: Capabilities {accessKey: bd...}]}]\nCapabilities {appium:automationName: XCUITest, appium:deviceName: iPhone.*, automationName: XCUITest, browserName: safari, browserVersion: latest, model: 14, platformName: IOS, sauce:options: Capabilities {accessKey: bd...}\r\n\tat org.openqa.selenium.remote.RemoteWebDriver.execute(RemoteWebDriver.java:536)\r\n\tat io.appium.java_client.AppiumDriver.startSession(AppiumDriver.java:270)\r\n\tat org.openqa.selenium.remote.RemoteWebDriver.<init>(RemoteWebDriver.java:161)\r\n\tat io.appium.java_client.AppiumDriver.<init>(AppiumDriver.java:91)\r\n\tat io.appium.java_client.AppiumDriver.<init>(AppiumDriver.java:103)\r\n\tat io.appium.java_client.ios.IOSDriver.<init>(IOSDriver.java:101)\r\n\tat com.SauceDemoProject.Utilities.BaseClass.setUp(BaseClass.java:185)\r\n\tat java.base/jdk.internal.reflect.NativeMethodAccessorImpl.invoke0(Native Method)\r\n\tat java.base/jdk.internal.reflect.NativeMethodAccessorImpl.invoke(NativeMethodAccessorImpl.java:77)\r\n\tat java.base/jdk.internal.reflect.DelegatingMethodAccessorImpl.invoke(DelegatingMethodAccessorImpl.java:43)\r\n\tat java.base/java.lang.reflect.Method.invoke(Method.java:568)\r\n\tat org.testng.internal.invokers.MethodInvocationHelper.invokeMethod(MethodInvocationHelper.java:139)\r\n\tat org.testng.internal.invokers.MethodInvocationHelper.invokeMethodConsideringTimeout(MethodInvocationHelper.java:69)\r\n\tat org.testng.internal.invokers.ConfigInvoker.invokeConfigurationMethod(ConfigInvoker.java:390)\r\n\tat org.testng.internal.invokers.ConfigInvoker.invokeConfigurations(ConfigInvoker.java:325)\r\n\tat org.testng.internal.invokers.TestMethodWorker.invokeBeforeClassMethods(TestMethodWorker.java:180)\r\n\tat org.testng.internal.invokers.TestMethodWorker.run(TestMethodWorker.java:122)\r\n\tat java.base/java.util.ArrayList.forEach(ArrayList.java:1511)\r\n\tat org.testng.TestRunner.privateRun(TestRunner.java:848)\r\n\tat org.testng.TestRunner.run(TestRunner.java:621)\r\n\tat org.testng.SuiteRunner.runTest(SuiteRunner.java:443)\r\n\tat org.testng.SuiteRunner.runSequentially(SuiteRunner.java:437)\r\n\tat org.testng.SuiteRunner.privateRun(SuiteRunner.java:397)\r\n\tat org.testng.SuiteRunner.run(SuiteRunner.java:336)\r\n\tat org.testng.SuiteRunnerWorker.runSuite(SuiteRunnerWorker.java:52)\r\n\tat org.testng.SuiteRunnerWorker.run(SuiteRunnerWorker.java:95)\r\n\tat org.testng.TestNG.runSuitesSequentially(TestNG.java:1280)\r\n\tat org.testng.TestNG.runSuitesLocally(TestNG.java:1200)\r\n\tat org.testng.TestNG.runSuites(TestNG.java:1114)\r\n\tat org.testng.TestNG.run(TestNG.java:1082)\r\n\tat org.testng.remote.AbstractRemoteTestNG.run(AbstractRemoteTestNG.java:115)\r\n\tat org.testng.remote.RemoteTestNG.initAndRun(RemoteTestNG.java:251)\r\n\tat org.testng.remote.RemoteTestNG.main(RemoteTestNG.java:77)\r\nCaused by: java.lang.IllegalArgumentException: Illegal key values seen in w3c capabilities: [automationName, model]\r\n\tat org.openqa.selenium.remote.NewSessionPayload.lambda$validate$5(NewSessionPayload.java:163)\r\n\tat java.base/java.util.stream.ReferencePipeline$15$1.accept(ReferencePipeline.java:540)\r\n\tat java.base/java.util.stream.ReferencePipeline$15$1.accept(ReferencePipeline.java:541)\r\n\tat java.base/java.util.stream.ReferencePipeline$3$1.accept(ReferencePipeline.java:197)\r\n\tat java.base/java.util.stream.ReferencePipeline$15$1.accept(ReferencePipeline.java:541)\r\n\tat java.base/java.util.ArrayList$ArrayListSpliterator.forEachRemaining(ArrayList.java:1625)\r\n\tat java.base/java.util.stream.AbstractPipeline.copyInto(AbstractPipeline.java:509)\r\n\tat java.base/java.util.stream.AbstractPipeline.wrapAndCopyInto(AbstractPipeline.java:499)\r\n\tat java.base/java.util.stream.ForEachOps$ForEachOp.evaluateSequential(ForEachOps.java:150)\r\n\tat java.base/java.util.stream.ForEachOps$ForEachOp$OfRef.evaluateSequential(ForEachOps.java:173)\r\n\tat java.base/java.util.stream.AbstractPipeline.evaluate(AbstractPipeline.java:234)\r\n\tat java.base/java.util.stream.ReferencePipeline.forEach(ReferencePipeline.java:596)\r\n\tat org.openqa.selenium.remote.NewSessionPayload.validate(NewSessionPayload.java:167)\r\n\tat org.openqa.selenium.remote.NewSessionPayload.<init>(NewSessionPayload.java:70)\r\n\tat org.openqa.selenium.remote.NewSessionPayload.create(NewSessionPayload.java:99)\r\n\tat org.openqa.selenium.remote.NewSessionPayload.create(NewSessionPayload.java:84)\r\n\tat org.openqa.selenium.remote.ProtocolHandshake.createSession(ProtocolHandshake.java:60)\r\n\tat io.appium.java_client.remote.AppiumCommandExecutor.createSession(AppiumCommandExecutor.java:176)\r\n\tat io.appium.java_client.remote.AppiumCommandExecutor.execute(AppiumCommandExecutor.java:237)\r\n\tat org.openqa.selenium.remote.RemoteWebDriver.execute(RemoteWebDriver.java:518)\r\n\t... 32 more\r\n"},"stage":"finished","steps":[],"attachments":[],"parameters":[{"name":"devicePlatformVersion","value":"14"},{"name":"arg1","value":"Welcome@1234"},{"name":"browser","value":"safari"},{"name":"arg0","value":"sigake1144@elahan.com"},{"name":"appiumName","value":"XCUITest"},{"name":"devicePlatform","value":"iOS"},{"name":"version","value":"latest"},{"name":"resolution","value":"1920x1440"},{"name":"deviceName","value":"iPhone.*"},{"name":"platform","value":"macOS 13"}],"start":1720507648573,"stop":1720507648582}