<!DOCTYPE html>

<html>
  <head>
  <meta charset='utf-8'>
  <title>TestNG reports</title>

    <link type="text/css" href="testng-reports1.css" rel="stylesheet" id="ultra" />
    <link type="text/css" href="testng-reports.css" rel="stylesheet" id="retro" disabled="false"/>
    <script type="text/javascript" src="jquery-3.6.0.min.js"></script>
    <script type="text/javascript" src="testng-reports.js"></script>
    <script type="text/javascript" src="https://www.google.com/jsapi"></script>
    <script type='text/javascript'>
      google.load('visualization', '1', {packages:['table']});
      google.setOnLoadCallback(drawTable);
      var suiteTableInitFunctions = new Array();
      var suiteTableData = new Array();
    </script>
    <!--
      <script type="text/javascript" src="jquery-ui/js/jquery-ui-1.8.16.custom.min.js"></script>
     -->
  </head>

  <body>    <div class="top-banner-root">
      <span class="top-banner-title-font">Test results</span>
      <button id="button" class="button">Switch Retro Theme</button> <!-- button -->
      <br/>
      <span class="top-banner-font-1">1 suite, 10 failed tests</span>
    </div> <!-- top-banner-root -->
    <div class="navigator-root">
      <div class="navigator-suite-header">
        <span>All suites</span>
        <a href="#" title="Collapse/expand all the suites" class="collapse-all-link">
          <img src="collapseall.gif" class="collapse-all-icon">
          </img> <!-- collapse-all-icon -->
        </a> <!-- collapse-all-link -->
      </div> <!-- navigator-suite-header -->
      <div class="suite">
        <div class="rounded-window">
          <div class="suite-header light-rounded-window-top">
            <a href="#" panel-name="suite-Suite" class="navigator-link">
              <span class="suite-name border-failed">Suite</span>
            </a> <!-- navigator-link -->
          </div> <!-- suite-header light-rounded-window-top -->
          <div class="navigator-suite-content">
            <div class="suite-section-title">
              <span>Info</span>
            </div> <!-- suite-section-title -->
            <div class="suite-section-content">
              <ul>
                <li>
                  <a href="#" panel-name="test-xml-Suite" class="navigator-link ">
                    <span>C:\Users\HemalathaManikandan\eclipse-workspace\CodeRedDemoProject\testng.xml</span>
                  </a> <!-- navigator-link  -->
                </li>
                <li>
                  <a href="#" panel-name="testlist-Suite" class="navigator-link ">
                    <span class="test-stats">2 tests</span>
                  </a> <!-- navigator-link  -->
                </li>
                <li>
                  <a href="#" panel-name="group-Suite" class="navigator-link ">
                    <span>0 groups</span>
                  </a> <!-- navigator-link  -->
                </li>
                <li>
                  <a href="#" panel-name="times-Suite" class="navigator-link ">
                    <span>Times</span>
                  </a> <!-- navigator-link  -->
                </li>
                <li>
                  <a href="#" panel-name="reporter-Suite" class="navigator-link ">
                    <span>Reporter output</span>
                  </a> <!-- navigator-link  -->
                </li>
                <li>
                  <a href="#" panel-name="ignored-methods-Suite" class="navigator-link ">
                    <span>Ignored methods</span>
                  </a> <!-- navigator-link  -->
                </li>
                <li>
                  <a href="#" panel-name="chronological-Suite" class="navigator-link ">
                    <span>Chronological view</span>
                  </a> <!-- navigator-link  -->
                </li>
              </ul>
            </div> <!-- suite-section-content -->
            <div class="result-section">
              <div class="suite-section-title">
                <span>Results</span>
              </div> <!-- suite-section-title -->
              <div class="suite-section-content">
                <ul>
                  <li>
                    <span class="method-stats">10 methods, 10 failed,   </span>
                  </li>
                  <li>
                    <span class="method-list-title failed">Failed methods</span>
                    <span class="show-or-hide-methods failed">
                      <a href="#" panel-name="suite-Suite" class="hide-methods failed suite-Suite"> (hide)</a> <!-- hide-methods failed suite-Suite -->
                      <a href="#" panel-name="suite-Suite" class="show-methods failed suite-Suite"> (show)</a> <!-- show-methods failed suite-Suite -->
                    </span>
                    <div class="method-list-content failed suite-Suite">
                      <span>
                        <img src="failed.png" width="3%"/>
                        <a href="#" panel-name="suite-Suite" title="com.CodeRed.TestCases.TC_PersonalDetailsPercy_009" class="method navigator-link" hash-for-method="personalDetails(yetam76594@jalunaki.com, Test@123, abcd, xyz, yetam76594@jalunaki.com, 1234567890, India, Test@123)">personalDetails(yetam76594@jalunaki.com, Test@123, abcd, xyz, yetam76594@jalunaki.com, 1234567890, India, Test@123)</a> <!-- method navigator-link -->
                      </span>
                      <br/>
                      <span>
                        <img src="failed.png" width="3%"/>
                        <a href="#" panel-name="suite-Suite" title="com.CodeRed.TestCases.TC_PersonalDetailsPercy_009" class="method navigator-link" hash-for-method="personalDetails(yetam76594@jalunaki.com, Test@123, abcd, xyz, yetam76594@jalunaki.com, 1234567890, India, Test@123)">personalDetails(yetam76594@jalunaki.com, Test@123, abcd, xyz, yetam76594@jalunaki.com, 1234567890, India, Test@123)</a> <!-- method navigator-link -->
                      </span>
                      <br/>
                      <span>
                        <img src="failed.png" width="3%"/>
                        <a href="#" panel-name="suite-Suite" title="com.CodeRed.TestCases.TC_UpdatePasswordPercy_007" class="method navigator-link" hash-for-method="updatePasswordMaxLen(momag72272@newcupon.com, Welcome@123, Welcome@123, Abcdefghijklmnopqrstuvwxyzabcdefghijklmnopqrstu@1...)">updatePasswordMaxLen(momag72272@newcupon.com, Welcome@123, Welcome@123, Abcdefghijklmnopqrstuvwxyzabcdefghijklmnopqrstu@1...)</a> <!-- method navigator-link -->
                      </span>
                      <br/>
                      <span>
                        <img src="failed.png" width="3%"/>
                        <a href="#" panel-name="suite-Suite" title="com.CodeRed.TestCases.TC_UpdatePasswordPercy_007" class="method navigator-link" hash-for-method="updatePasswordMaxLen(momag72272@newcupon.com, Welcome@123, Welcome@123, Abcdefghijklmnopqrstuvwxyzabcdefghijklmnopqrstu@1...)">updatePasswordMaxLen(momag72272@newcupon.com, Welcome@123, Welcome@123, Abcdefghijklmnopqrstuvwxyzabcdefghijklmnopqrstu@1...)</a> <!-- method navigator-link -->
                      </span>
                      <br/>
                      <span>
                        <img src="failed.png" width="3%"/>
                        <a href="#" panel-name="suite-Suite" title="com.CodeRed.TestCases.TC_UpdatePasswordPercy_007" class="method navigator-link" hash-for-method="updatePasswordMaxLenAgain(momag72272@newcupon.com, Welcome@123, Welcome@123, Abcdefghijklmnopqrstuvwxyzabcdefghijklmnopqrstu@1...)">updatePasswordMaxLenAgain(momag72272@newcupon.com, Welcome@123, Welcome@123, Abcdefghijklmnopqrstuvwxyzabcdefghijklmnopqrstu@1...)</a> <!-- method navigator-link -->
                      </span>
                      <br/>
                      <span>
                        <img src="failed.png" width="3%"/>
                        <a href="#" panel-name="suite-Suite" title="com.CodeRed.TestCases.TC_UpdatePasswordPercy_007" class="method navigator-link" hash-for-method="updatePasswordMaxLenAgain(momag72272@newcupon.com, Welcome@123, Welcome@123, Abcdefghijklmnopqrstuvwxyzabcdefghijklmnopqrstu@1...)">updatePasswordMaxLenAgain(momag72272@newcupon.com, Welcome@123, Welcome@123, Abcdefghijklmnopqrstuvwxyzabcdefghijklmnopqrstu@1...)</a> <!-- method navigator-link -->
                      </span>
                      <br/>
                      <span>
                        <img src="failed.png" width="3%"/>
                        <a href="#" panel-name="suite-Suite" title="com.CodeRed.TestCases.TC_UpdatePasswordPercy_007" class="method navigator-link" hash-for-method="updatePasswordMinLen(momag72272@newcupon.com, Test@123, Test@123, Welcome@123, Welcome@123)">updatePasswordMinLen(momag72272@newcupon.com, Test@123, Test@123, Welcome@123, Welcome@123)</a> <!-- method navigator-link -->
                      </span>
                      <br/>
                      <span>
                        <img src="failed.png" width="3%"/>
                        <a href="#" panel-name="suite-Suite" title="com.CodeRed.TestCases.TC_UpdatePasswordPercy_007" class="method navigator-link" hash-for-method="updatePasswordMinLen(momag72272@newcupon.com, Test@123, Test@123, Welcome@123, Welcome@123)">updatePasswordMinLen(momag72272@newcupon.com, Test@123, Test@123, Welcome@123, Welcome@123)</a> <!-- method navigator-link -->
                      </span>
                      <br/>
                      <span>
                        <img src="failed.png" width="3%"/>
                        <a href="#" panel-name="suite-Suite" title="com.CodeRed.TestCases.TC_Login_Percy" class="method navigator-link" hash-for-method="userLoginUsernamePwd(yetam76594@jalunaki.com, Test@123)">userLoginUsernamePwd(yetam76594@jalunaki.com, Test@123)</a> <!-- method navigator-link -->
                      </span>
                      <br/>
                      <span>
                        <img src="failed.png" width="3%"/>
                        <a href="#" panel-name="suite-Suite" title="com.CodeRed.TestCases.TC_Login_Percy" class="method navigator-link" hash-for-method="userLoginUsernamePwd(yetam76594@jalunaki.com, Test@123)">userLoginUsernamePwd(yetam76594@jalunaki.com, Test@123)</a> <!-- method navigator-link -->
                      </span>
                      <br/>
                    </div> <!-- method-list-content failed suite-Suite -->
                  </li>
                </ul>
              </div> <!-- suite-section-content -->
            </div> <!-- result-section -->
          </div> <!-- navigator-suite-content -->
        </div> <!-- rounded-window -->
      </div> <!-- suite -->
    </div> <!-- navigator-root -->
    <div class="wrapper">
      <div class="main-panel-root">
        <div panel-name="suite-Suite" class="panel Suite">
          <div class="suite-Suite-class-failed">
            <div class="main-panel-header rounded-window-top">
              <img src="failed.png"/>
              <span class="class-name">com.CodeRed.TestCases.TC_PersonalDetailsPercy_009</span>
            </div> <!-- main-panel-header rounded-window-top -->
            <div class="main-panel-content rounded-window-bottom">
              <div class="method">
                <div class="method-content">
                  <a name="personalDetails(yetam76594@jalunaki.com, Test@123, abcd, xyz, yetam76594@jalunaki.com, 1234567890, India, Test@123)">
                  </a> <!-- personalDetails(yetam76594@jalunaki.com, Test@123, abcd, xyz, yetam76594@jalunaki.com, 1234567890, India, Test@123) -->
                  <span class="method-name">personalDetails</span>
                  <span class="parameters">(yetam76594@jalunaki.com,Test@123,abcd,xyz,yetam76594@jalunaki.com,1234567890,India,Test@123)</span>
                  <div class="stack-trace">org.openqa.selenium.WebDriverException: unknown error: unexpected command response
  (Session info: chrome=103.0.5060.114)
Build info: version: &apos;4.12.0&apos;, revision: &apos;249f2a7d1b*&apos;
System info: os.name: &apos;Windows 10&apos;, os.arch: &apos;amd64&apos;, os.version: &apos;10.0&apos;, java.version: &apos;17.0.9&apos;
Driver info: org.openqa.selenium.chrome.ChromeDriver
Command: [7800f3a63be9fa49705ac73778cc6a64c57fcb1d, maximizeCurrentWindow {}]
Capabilities {acceptInsecureCerts: true, browserName: chrome, browserVersion: 103.0.5060.114, chrome: {chromedriverVersion: 103.0.5060.24 (e47b049c438c..., userDataDir: C:\Windows\proxy\scoped_dir...}, goog:chromeOptions: {debuggerAddress: localhost:9222}, networkConnectionEnabled: false, optimalHubUrl: hub-euw.browserstack.com, pageLoadStrategy: normal, platformName: windows, proxy: Proxy(), setWindowRect: true, strictFileInteractability: false, timeouts: {implicit: 0, pageLoad: 300000, script: 30000}, unhandledPromptBehavior: dismiss and notify, webauthn:extension:credBlob: true, webauthn:extension:largeBlob: true, webauthn:virtualAuthenticators: true, webdriver.remote.sessionid: 7800f3a63be9fa49705ac73778c...}
Session ID: 7800f3a63be9fa49705ac73778cc6a64c57fcb1d
	at org.openqa.selenium.remote.codec.w3c.W3CHttpResponseCodec.createException(W3CHttpResponseCodec.java:200)
	at org.openqa.selenium.remote.codec.w3c.W3CHttpResponseCodec.decode(W3CHttpResponseCodec.java:133)
	at org.openqa.selenium.remote.codec.w3c.W3CHttpResponseCodec.decode(W3CHttpResponseCodec.java:52)
	at org.openqa.selenium.remote.HttpCommandExecutor.execute(HttpCommandExecutor.java:191)
	at org.openqa.selenium.remote.RemoteWebDriver.execute(RemoteWebDriver.java:602)
	at org.openqa.selenium.remote.RemoteWebDriver.execute(RemoteWebDriver.java:675)
	at org.openqa.selenium.remote.RemoteWebDriver.execute(RemoteWebDriver.java:679)
	at org.openqa.selenium.remote.RemoteWebDriver$RemoteWebDriverOptions$RemoteWindow.maximize(RemoteWebDriver.java:1062)
	at com.CodeRed.Utilities.BaseClassNew.maxWindow(BaseClassNew.java:121)
	at com.CodeRed.TestCases.TC_PersonalDetailsPercy_009.personalDetails(TC_PersonalDetailsPercy_009.java:21)
	at java.base/java.util.concurrent.ThreadPoolExecutor.runWorker(ThreadPoolExecutor.java:1136)
	at java.base/java.util.concurrent.ThreadPoolExecutor$Worker.run(ThreadPoolExecutor.java:635)
	at java.base/java.lang.Thread.run(Thread.java:840)
... Removed 17 stack frames
</div> <!-- stack-trace -->
                  <em>
(Update user personal details)                  </em>
                </div> <!-- method-content -->
              </div> <!-- method -->
              <div class="method">
                <div class="method-content">
                  <a name="personalDetails(yetam76594@jalunaki.com, Test@123, abcd, xyz, yetam76594@jalunaki.com, 1234567890, India, Test@123)">
                  </a> <!-- personalDetails(yetam76594@jalunaki.com, Test@123, abcd, xyz, yetam76594@jalunaki.com, 1234567890, India, Test@123) -->
                  <span class="method-name">personalDetails</span>
                  <span class="parameters">(yetam76594@jalunaki.com,Test@123,abcd,xyz,yetam76594@jalunaki.com,1234567890,India,Test@123)</span>
                  <div class="stack-trace">org.openqa.selenium.NoSuchElementException: Unable to locate element: //select[@id=&apos;cf1ef829-baf5-43da-bfee-a00c8e941309&apos;]
For documentation on this error, please visit: https://www.selenium.dev/documentation/webdriver/troubleshooting/errors#no-such-element-exception
Build info: version: &apos;4.12.0&apos;, revision: &apos;249f2a7d1b*&apos;
System info: os.name: &apos;Windows 10&apos;, os.arch: &apos;amd64&apos;, os.version: &apos;10.0&apos;, java.version: &apos;17.0.9&apos;
Driver info: org.openqa.selenium.chrome.ChromeDriver
Command: [f76e99bd43425d25675ca43085fe02945c78f26d, findElement {using=xpath, value=//select[@id=&apos;cf1ef829-baf5-43da-bfee-a00c8e941309&apos;]}]
Capabilities {acceptInsecureCerts: true, browserName: firefox, browserVersion: 102.0, moz:accessibilityChecks: false, moz:buildID: 20220623063721, moz:geckodriverVersion: 0.33.0, moz:headless: false, moz:processID: 9756, moz:profile: C:\Windows\proxy\rust_mozpr..., moz:shutdownTimeout: 60000, moz:useNonSpecCompliantPointerOrigin: false, moz:webdriverClick: true, moz:windowless: false, optimalHubUrl: hub-euw.browserstack.com, pageLoadStrategy: normal, platformName: windows, platformVersion: 10.0, proxy: Proxy(), setWindowRect: true, strictFileInteractability: false, timeouts: {implicit: 0, pageLoad: 300000, script: 30000}, unhandledPromptBehavior: dismiss and notify, webdriver.remote.sessionid: f76e99bd43425d25675ca43085f...}
Session ID: f76e99bd43425d25675ca43085fe02945c78f26d
	at org.openqa.selenium.remote.codec.w3c.W3CHttpResponseCodec.createException(W3CHttpResponseCodec.java:200)
	at org.openqa.selenium.remote.codec.w3c.W3CHttpResponseCodec.decode(W3CHttpResponseCodec.java:133)
	at org.openqa.selenium.remote.codec.w3c.W3CHttpResponseCodec.decode(W3CHttpResponseCodec.java:52)
	at org.openqa.selenium.remote.HttpCommandExecutor.execute(HttpCommandExecutor.java:191)
	at org.openqa.selenium.remote.RemoteWebDriver.execute(RemoteWebDriver.java:602)
	at org.openqa.selenium.remote.ElementLocation$ElementFinder$2.findElement(ElementLocation.java:165)
	at org.openqa.selenium.remote.ElementLocation.findElement(ElementLocation.java:59)
	at org.openqa.selenium.remote.RemoteWebDriver.findElement(RemoteWebDriver.java:359)
	at org.openqa.selenium.remote.RemoteWebDriver.findElement(RemoteWebDriver.java:353)
	at org.openqa.selenium.support.pagefactory.DefaultElementLocator.findElement(DefaultElementLocator.java:68)
	at org.openqa.selenium.support.pagefactory.internal.LocatingElementHandler.invoke(LocatingElementHandler.java:38)
	at jdk.proxy2/jdk.proxy2.$Proxy28.sendKeys(Unknown Source)
	at com.CodeRed.PageObjects.PersonalDetailsPage.countryName(PersonalDetailsPage.java:151)
	at com.CodeRed.TestCases.TC_PersonalDetailsPercy_009.personalDetails(TC_PersonalDetailsPercy_009.java:86)
	at java.base/java.util.concurrent.ThreadPoolExecutor.runWorker(ThreadPoolExecutor.java:1136)
	at java.base/java.util.concurrent.ThreadPoolExecutor$Worker.run(ThreadPoolExecutor.java:635)
	at java.base/java.lang.Thread.run(Thread.java:840)
... Removed 17 stack frames
</div> <!-- stack-trace -->
                  <em>
(Update user personal details)                  </em>
                </div> <!-- method-content -->
              </div> <!-- method -->
            </div> <!-- main-panel-content rounded-window-bottom -->
          </div> <!-- suite-Suite-class-failed -->
          <div class="suite-Suite-class-failed">
            <div class="main-panel-header rounded-window-top">
              <img src="failed.png"/>
              <span class="class-name">com.CodeRed.TestCases.TC_UpdatePasswordPercy_007</span>
            </div> <!-- main-panel-header rounded-window-top -->
            <div class="main-panel-content rounded-window-bottom">
              <div class="method">
                <div class="method-content">
                  <a name="updatePasswordMaxLen(momag72272@newcupon.com, Welcome@123, Welcome@123, Abcdefghijklmnopqrstuvwxyzabcdefghijklmnopqrstu@1...)">
                  </a> <!-- updatePasswordMaxLen(momag72272@newcupon.com, Welcome@123, Welcome@123, Abcdefghijklmnopqrstuvwxyzabcdefghijklmnopqrstu@1...) -->
                  <span class="method-name">updatePasswordMaxLen</span>
                  <span class="parameters">(momag72272@newcupon.com,Welcome@123,Welcome@123,Abcdefghijklmnopqrstuvwxyzabcdefghijklmnopqrstu@1,Abcdefghijklmnopqrstuvwxyzabcdefghijklmnopqrstu@1,Test@123)</span>
                  <div class="stack-trace">java.lang.RuntimeException: Invalid function call - snapshot(). Please use screenshot() function while using Percy with Automate. For more information on usage of PercyScreenshot, refer https://docs.percy.io/docs/integrate-functional-testing-with-visual-testing
	at io.percy.selenium.Percy.snapshot(Percy.java:160)
	at io.percy.selenium.Percy.snapshot(Percy.java:155)
	at io.percy.selenium.Percy.snapshot(Percy.java:80)
	at com.CodeRed.TestCases.TC_UpdatePasswordPercy_007.updatePasswordMaxLen(TC_UpdatePasswordPercy_007.java:131)
	at java.base/java.util.concurrent.ThreadPoolExecutor.runWorker(ThreadPoolExecutor.java:1136)
	at java.base/java.util.concurrent.ThreadPoolExecutor$Worker.run(ThreadPoolExecutor.java:635)
	at java.base/java.lang.Thread.run(Thread.java:840)
... Removed 12 stack frames
</div> <!-- stack-trace -->
                  <em>
(Password Update with max length)                  </em>
                </div> <!-- method-content -->
              </div> <!-- method -->
              <div class="method">
                <div class="method-content">
                  <a name="updatePasswordMaxLen(momag72272@newcupon.com, Welcome@123, Welcome@123, Abcdefghijklmnopqrstuvwxyzabcdefghijklmnopqrstu@1...)">
                  </a> <!-- updatePasswordMaxLen(momag72272@newcupon.com, Welcome@123, Welcome@123, Abcdefghijklmnopqrstuvwxyzabcdefghijklmnopqrstu@1...) -->
                  <span class="method-name">updatePasswordMaxLen</span>
                  <span class="parameters">(momag72272@newcupon.com,Welcome@123,Welcome@123,Abcdefghijklmnopqrstuvwxyzabcdefghijklmnopqrstu@1,Abcdefghijklmnopqrstuvwxyzabcdefghijklmnopqrstu@1,Test@123)</span>
                  <div class="stack-trace">org.openqa.selenium.NoSuchElementException: Unable to locate element: (//a[text()=&apos;Login&apos;])[1]
For documentation on this error, please visit: https://www.selenium.dev/documentation/webdriver/troubleshooting/errors#no-such-element-exception
Build info: version: &apos;4.12.0&apos;, revision: &apos;249f2a7d1b*&apos;
System info: os.name: &apos;Windows 10&apos;, os.arch: &apos;amd64&apos;, os.version: &apos;10.0&apos;, java.version: &apos;17.0.9&apos;
Driver info: org.openqa.selenium.chrome.ChromeDriver
Command: [4705a7845f5f4b1bf6ce6fbe1ed496c3448b1d4d, findElement {using=xpath, value=(//a[text()=&apos;Login&apos;])[1]}]
Capabilities {acceptInsecureCerts: true, browserName: firefox, browserVersion: 102.0, moz:accessibilityChecks: false, moz:buildID: 20220623063721, moz:geckodriverVersion: 0.33.0, moz:headless: false, moz:processID: 12588, moz:profile: C:\Windows\proxy\rust_mozpr..., moz:shutdownTimeout: 60000, moz:useNonSpecCompliantPointerOrigin: false, moz:webdriverClick: true, moz:windowless: false, optimalHubUrl: hub-euw.browserstack.com, pageLoadStrategy: normal, platformName: windows, platformVersion: 10.0, proxy: Proxy(), setWindowRect: true, strictFileInteractability: false, timeouts: {implicit: 0, pageLoad: 300000, script: 30000}, unhandledPromptBehavior: dismiss and notify, webdriver.remote.sessionid: 4705a7845f5f4b1bf6ce6fbe1ed...}
Session ID: 4705a7845f5f4b1bf6ce6fbe1ed496c3448b1d4d
	at org.openqa.selenium.remote.codec.w3c.W3CHttpResponseCodec.createException(W3CHttpResponseCodec.java:200)
	at org.openqa.selenium.remote.codec.w3c.W3CHttpResponseCodec.decode(W3CHttpResponseCodec.java:133)
	at org.openqa.selenium.remote.codec.w3c.W3CHttpResponseCodec.decode(W3CHttpResponseCodec.java:52)
	at org.openqa.selenium.remote.HttpCommandExecutor.execute(HttpCommandExecutor.java:191)
	at org.openqa.selenium.remote.RemoteWebDriver.execute(RemoteWebDriver.java:602)
	at org.openqa.selenium.remote.ElementLocation$ElementFinder$2.findElement(ElementLocation.java:165)
	at org.openqa.selenium.remote.ElementLocation.findElement(ElementLocation.java:59)
	at org.openqa.selenium.remote.RemoteWebDriver.findElement(RemoteWebDriver.java:359)
	at org.openqa.selenium.remote.RemoteWebDriver.findElement(RemoteWebDriver.java:353)
	at org.openqa.selenium.remote.RemoteWebDriver.findElement(RemoteWebDriver.java)
	at org.openqa.selenium.support.pagefactory.DefaultElementLocator.findElement(DefaultElementLocator.java:68)
	at org.openqa.selenium.support.pagefactory.internal.LocatingElementHandler.invoke(LocatingElementHandler.java:38)
	at jdk.proxy2/jdk.proxy2.$Proxy28.click(Unknown Source)
	at com.CodeRed.PageObjects.UpdatePasswordPage.clickLoginButton(UpdatePasswordPage.java:82)
	at com.CodeRed.TestCases.TC_UpdatePasswordPercy_007.updatePasswordMaxLen(TC_UpdatePasswordPercy_007.java:127)
	at java.base/java.util.concurrent.ThreadPoolExecutor.runWorker(ThreadPoolExecutor.java:1136)
	at java.base/java.util.concurrent.ThreadPoolExecutor$Worker.run(ThreadPoolExecutor.java:635)
	at java.base/java.lang.Thread.run(Thread.java:840)
... Removed 17 stack frames
</div> <!-- stack-trace -->
                  <em>
(Password Update with max length)                  </em>
                </div> <!-- method-content -->
              </div> <!-- method -->
              <div class="method">
                <div class="method-content">
                  <a name="updatePasswordMaxLenAgain(momag72272@newcupon.com, Welcome@123, Welcome@123, Abcdefghijklmnopqrstuvwxyzabcdefghijklmnopqrstu@1...)">
                  </a> <!-- updatePasswordMaxLenAgain(momag72272@newcupon.com, Welcome@123, Welcome@123, Abcdefghijklmnopqrstuvwxyzabcdefghijklmnopqrstu@1...) -->
                  <span class="method-name">updatePasswordMaxLenAgain</span>
                  <span class="parameters">(momag72272@newcupon.com,Welcome@123,Welcome@123,Abcdefghijklmnopqrstuvwxyzabcdefghijklmnopqrstu@1,Abcdefghijklmnopqrstuvwxyzabcdefghijklmnopqrstu@1,Test@123)</span>
                  <div class="stack-trace">org.openqa.selenium.NoSuchElementException: no such element: Unable to locate element: {&quot;method&quot;:&quot;xpath&quot;,&quot;selector&quot;:&quot;(//div[@class=&apos;btn-group dropleft dropdown&apos;]//img)[2]&quot;}
  (Session info: chrome=103.0.5060.114)
For documentation on this error, please visit: https://www.selenium.dev/documentation/webdriver/troubleshooting/errors#no-such-element-exception
Build info: version: &apos;4.12.0&apos;, revision: &apos;249f2a7d1b*&apos;
System info: os.name: &apos;Windows 10&apos;, os.arch: &apos;amd64&apos;, os.version: &apos;10.0&apos;, java.version: &apos;17.0.9&apos;
Driver info: org.openqa.selenium.chrome.ChromeDriver
Command: [311e331673acbda1b5c0101267d5e5770aa46fa1, findElement {using=xpath, value=(//div[@class=&apos;btn-group dropleft dropdown&apos;]//img)[2]}]
Capabilities {acceptInsecureCerts: true, browserName: chrome, browserVersion: 103.0.5060.114, chrome: {chromedriverVersion: 103.0.5060.24 (e47b049c438c..., userDataDir: C:\Windows\proxy\scoped_dir...}, goog:chromeOptions: {debuggerAddress: localhost:9222}, networkConnectionEnabled: false, optimalHubUrl: hub-euw.browserstack.com, pageLoadStrategy: normal, platformName: windows, proxy: Proxy(), setWindowRect: true, strictFileInteractability: false, timeouts: {implicit: 0, pageLoad: 300000, script: 30000}, unhandledPromptBehavior: dismiss and notify, webauthn:extension:credBlob: true, webauthn:extension:largeBlob: true, webauthn:virtualAuthenticators: true, webdriver.remote.sessionid: 311e331673acbda1b5c0101267d...}
Session ID: 311e331673acbda1b5c0101267d5e5770aa46fa1
	at org.openqa.selenium.remote.codec.w3c.W3CHttpResponseCodec.createException(W3CHttpResponseCodec.java:200)
	at org.openqa.selenium.remote.codec.w3c.W3CHttpResponseCodec.decode(W3CHttpResponseCodec.java:133)
	at org.openqa.selenium.remote.codec.w3c.W3CHttpResponseCodec.decode(W3CHttpResponseCodec.java:52)
	at org.openqa.selenium.remote.HttpCommandExecutor.execute(HttpCommandExecutor.java:191)
	at org.openqa.selenium.remote.RemoteWebDriver.execute(RemoteWebDriver.java:602)
	at org.openqa.selenium.remote.ElementLocation$ElementFinder$2.findElement(ElementLocation.java:165)
	at org.openqa.selenium.remote.ElementLocation.findElement(ElementLocation.java:59)
	at org.openqa.selenium.remote.RemoteWebDriver.findElement(RemoteWebDriver.java:359)
	at org.openqa.selenium.remote.RemoteWebDriver.findElement(RemoteWebDriver.java:353)
	at org.openqa.selenium.remote.RemoteWebDriver.findElement(RemoteWebDriver.java)
	at org.openqa.selenium.support.pagefactory.DefaultElementLocator.findElement(DefaultElementLocator.java:68)
	at org.openqa.selenium.support.pagefactory.internal.LocatingElementHandler.invoke(LocatingElementHandler.java:38)
	at jdk.proxy2/jdk.proxy2.$Proxy28.click(Unknown Source)
	at com.CodeRed.PageObjects.UpdatePasswordPage.usrProfile(UpdatePasswordPage.java:98)
	at com.CodeRed.TestCases.TC_UpdatePasswordPercy_007.updatePasswordMaxLenAgain(TC_UpdatePasswordPercy_007.java:251)
	at java.base/java.util.concurrent.ThreadPoolExecutor.runWorker(ThreadPoolExecutor.java:1136)
	at java.base/java.util.concurrent.ThreadPoolExecutor$Worker.run(ThreadPoolExecutor.java:635)
	at java.base/java.lang.Thread.run(Thread.java:840)
... Removed 17 stack frames
</div> <!-- stack-trace -->
                  <em>
(Password Update with max length)                  </em>
                </div> <!-- method-content -->
              </div> <!-- method -->
              <div class="method">
                <div class="method-content">
                  <a name="updatePasswordMaxLenAgain(momag72272@newcupon.com, Welcome@123, Welcome@123, Abcdefghijklmnopqrstuvwxyzabcdefghijklmnopqrstu@1...)">
                  </a> <!-- updatePasswordMaxLenAgain(momag72272@newcupon.com, Welcome@123, Welcome@123, Abcdefghijklmnopqrstuvwxyzabcdefghijklmnopqrstu@1...) -->
                  <span class="method-name">updatePasswordMaxLenAgain</span>
                  <span class="parameters">(momag72272@newcupon.com,Welcome@123,Welcome@123,Abcdefghijklmnopqrstuvwxyzabcdefghijklmnopqrstu@1,Abcdefghijklmnopqrstuvwxyzabcdefghijklmnopqrstu@1,Test@123)</span>
                  <div class="stack-trace">org.openqa.selenium.NoSuchElementException: Unable to locate element: (//a[text()=&apos;Login&apos;])[1]
For documentation on this error, please visit: https://www.selenium.dev/documentation/webdriver/troubleshooting/errors#no-such-element-exception
Build info: version: &apos;4.12.0&apos;, revision: &apos;249f2a7d1b*&apos;
System info: os.name: &apos;Windows 10&apos;, os.arch: &apos;amd64&apos;, os.version: &apos;10.0&apos;, java.version: &apos;17.0.9&apos;
Driver info: org.openqa.selenium.chrome.ChromeDriver
Command: [4705a7845f5f4b1bf6ce6fbe1ed496c3448b1d4d, findElement {using=xpath, value=(//a[text()=&apos;Login&apos;])[1]}]
Capabilities {acceptInsecureCerts: true, browserName: firefox, browserVersion: 102.0, moz:accessibilityChecks: false, moz:buildID: 20220623063721, moz:geckodriverVersion: 0.33.0, moz:headless: false, moz:processID: 12588, moz:profile: C:\Windows\proxy\rust_mozpr..., moz:shutdownTimeout: 60000, moz:useNonSpecCompliantPointerOrigin: false, moz:webdriverClick: true, moz:windowless: false, optimalHubUrl: hub-euw.browserstack.com, pageLoadStrategy: normal, platformName: windows, platformVersion: 10.0, proxy: Proxy(), setWindowRect: true, strictFileInteractability: false, timeouts: {implicit: 0, pageLoad: 300000, script: 30000}, unhandledPromptBehavior: dismiss and notify, webdriver.remote.sessionid: 4705a7845f5f4b1bf6ce6fbe1ed...}
Session ID: 4705a7845f5f4b1bf6ce6fbe1ed496c3448b1d4d
	at org.openqa.selenium.remote.codec.w3c.W3CHttpResponseCodec.createException(W3CHttpResponseCodec.java:200)
	at org.openqa.selenium.remote.codec.w3c.W3CHttpResponseCodec.decode(W3CHttpResponseCodec.java:133)
	at org.openqa.selenium.remote.codec.w3c.W3CHttpResponseCodec.decode(W3CHttpResponseCodec.java:52)
	at org.openqa.selenium.remote.HttpCommandExecutor.execute(HttpCommandExecutor.java:191)
	at org.openqa.selenium.remote.RemoteWebDriver.execute(RemoteWebDriver.java:602)
	at org.openqa.selenium.remote.ElementLocation$ElementFinder$2.findElement(ElementLocation.java:165)
	at org.openqa.selenium.remote.ElementLocation.findElement(ElementLocation.java:59)
	at org.openqa.selenium.remote.RemoteWebDriver.findElement(RemoteWebDriver.java:359)
	at org.openqa.selenium.remote.RemoteWebDriver.findElement(RemoteWebDriver.java:353)
	at org.openqa.selenium.remote.RemoteWebDriver.findElement(RemoteWebDriver.java)
	at org.openqa.selenium.support.pagefactory.DefaultElementLocator.findElement(DefaultElementLocator.java:68)
	at org.openqa.selenium.support.pagefactory.internal.LocatingElementHandler.invoke(LocatingElementHandler.java:38)
	at jdk.proxy2/jdk.proxy2.$Proxy28.click(Unknown Source)
	at com.CodeRed.PageObjects.UpdatePasswordPage.clickLoginButton(UpdatePasswordPage.java:82)
	at com.CodeRed.TestCases.TC_UpdatePasswordPercy_007.updatePasswordMaxLenAgain(TC_UpdatePasswordPercy_007.java:221)
	at java.base/java.util.concurrent.ThreadPoolExecutor.runWorker(ThreadPoolExecutor.java:1136)
	at java.base/java.util.concurrent.ThreadPoolExecutor$Worker.run(ThreadPoolExecutor.java:635)
	at java.base/java.lang.Thread.run(Thread.java:840)
... Removed 17 stack frames
</div> <!-- stack-trace -->
                  <em>
(Password Update with max length)                  </em>
                </div> <!-- method-content -->
              </div> <!-- method -->
              <div class="method">
                <div class="method-content">
                  <a name="updatePasswordMinLen(momag72272@newcupon.com, Test@123, Test@123, Welcome@123, Welcome@123)">
                  </a> <!-- updatePasswordMinLen(momag72272@newcupon.com, Test@123, Test@123, Welcome@123, Welcome@123) -->
                  <span class="method-name">updatePasswordMinLen</span>
                  <span class="parameters">(momag72272@newcupon.com,Test@123,Test@123,Welcome@123,Welcome@123)</span>
                  <div class="stack-trace">org.openqa.selenium.WebDriverException: unknown error: cannot determine loading status
from unknown error: unexpected command response
  (Session info: chrome=103.0.5060.114)
Build info: version: &apos;4.12.0&apos;, revision: &apos;249f2a7d1b*&apos;
System info: os.name: &apos;Windows 10&apos;, os.arch: &apos;amd64&apos;, os.version: &apos;10.0&apos;, java.version: &apos;17.0.9&apos;
Driver info: org.openqa.selenium.chrome.ChromeDriver
Command: [311e331673acbda1b5c0101267d5e5770aa46fa1, maximizeCurrentWindow {}]
Capabilities {acceptInsecureCerts: true, browserName: chrome, browserVersion: 103.0.5060.114, chrome: {chromedriverVersion: 103.0.5060.24 (e47b049c438c..., userDataDir: C:\Windows\proxy\scoped_dir...}, goog:chromeOptions: {debuggerAddress: localhost:9222}, networkConnectionEnabled: false, optimalHubUrl: hub-euw.browserstack.com, pageLoadStrategy: normal, platformName: windows, proxy: Proxy(), setWindowRect: true, strictFileInteractability: false, timeouts: {implicit: 0, pageLoad: 300000, script: 30000}, unhandledPromptBehavior: dismiss and notify, webauthn:extension:credBlob: true, webauthn:extension:largeBlob: true, webauthn:virtualAuthenticators: true, webdriver.remote.sessionid: 311e331673acbda1b5c0101267d...}
Session ID: 311e331673acbda1b5c0101267d5e5770aa46fa1
	at org.openqa.selenium.remote.codec.w3c.W3CHttpResponseCodec.createException(W3CHttpResponseCodec.java:200)
	at org.openqa.selenium.remote.codec.w3c.W3CHttpResponseCodec.decode(W3CHttpResponseCodec.java:133)
	at org.openqa.selenium.remote.codec.w3c.W3CHttpResponseCodec.decode(W3CHttpResponseCodec.java:52)
	at org.openqa.selenium.remote.HttpCommandExecutor.execute(HttpCommandExecutor.java:191)
	at org.openqa.selenium.remote.RemoteWebDriver.execute(RemoteWebDriver.java:602)
	at org.openqa.selenium.remote.RemoteWebDriver.execute(RemoteWebDriver.java:675)
	at org.openqa.selenium.remote.RemoteWebDriver.execute(RemoteWebDriver.java:679)
	at org.openqa.selenium.remote.RemoteWebDriver$RemoteWebDriverOptions$RemoteWindow.maximize(RemoteWebDriver.java:1062)
	at com.CodeRed.Utilities.BaseClassNew.maxWindow(BaseClassNew.java:121)
	at com.CodeRed.TestCases.TC_UpdatePasswordPercy_007.updatePasswordMinLen(TC_UpdatePasswordPercy_007.java:23)
	at java.base/java.util.concurrent.ThreadPoolExecutor.runWorker(ThreadPoolExecutor.java:1136)
	at java.base/java.util.concurrent.ThreadPoolExecutor$Worker.run(ThreadPoolExecutor.java:635)
	at java.base/java.lang.Thread.run(Thread.java:840)
... Removed 17 stack frames
</div> <!-- stack-trace -->
                  <em>
(Password Update)                  </em>
                </div> <!-- method-content -->
              </div> <!-- method -->
              <div class="method">
                <div class="method-content">
                  <a name="updatePasswordMinLen(momag72272@newcupon.com, Test@123, Test@123, Welcome@123, Welcome@123)">
                  </a> <!-- updatePasswordMinLen(momag72272@newcupon.com, Test@123, Test@123, Welcome@123, Welcome@123) -->
                  <span class="method-name">updatePasswordMinLen</span>
                  <span class="parameters">(momag72272@newcupon.com,Test@123,Test@123,Welcome@123,Welcome@123)</span>
                  <div class="stack-trace">java.lang.RuntimeException: Invalid function call - snapshot(). Please use screenshot() function while using Percy with Automate. For more information on usage of PercyScreenshot, refer https://docs.percy.io/docs/integrate-functional-testing-with-visual-testing
	at io.percy.selenium.Percy.snapshot(Percy.java:160)
	at io.percy.selenium.Percy.snapshot(Percy.java:155)
	at io.percy.selenium.Percy.snapshot(Percy.java:80)
	at com.CodeRed.TestCases.TC_UpdatePasswordPercy_007.updatePasswordMinLen(TC_UpdatePasswordPercy_007.java:60)
	at java.base/java.util.concurrent.ThreadPoolExecutor.runWorker(ThreadPoolExecutor.java:1136)
	at java.base/java.util.concurrent.ThreadPoolExecutor$Worker.run(ThreadPoolExecutor.java:635)
	at java.base/java.lang.Thread.run(Thread.java:840)
... Removed 12 stack frames
</div> <!-- stack-trace -->
                  <em>
(Password Update)                  </em>
                </div> <!-- method-content -->
              </div> <!-- method -->
            </div> <!-- main-panel-content rounded-window-bottom -->
          </div> <!-- suite-Suite-class-failed -->
          <div class="suite-Suite-class-failed">
            <div class="main-panel-header rounded-window-top">
              <img src="failed.png"/>
              <span class="class-name">com.CodeRed.TestCases.TC_Login_Percy</span>
            </div> <!-- main-panel-header rounded-window-top -->
            <div class="main-panel-content rounded-window-bottom">
              <div class="method">
                <div class="method-content">
                  <a name="userLoginUsernamePwd(yetam76594@jalunaki.com, Test@123)">
                  </a> <!-- userLoginUsernamePwd(yetam76594@jalunaki.com, Test@123) -->
                  <span class="method-name">userLoginUsernamePwd</span>
                  <span class="parameters">(yetam76594@jalunaki.com,Test@123)</span>
                  <div class="stack-trace">org.openqa.selenium.WebDriverException: unknown error: unexpected command response
  (Session info: chrome=103.0.5060.114)
Build info: version: &apos;4.12.0&apos;, revision: &apos;249f2a7d1b*&apos;
System info: os.name: &apos;Windows 10&apos;, os.arch: &apos;amd64&apos;, os.version: &apos;10.0&apos;, java.version: &apos;17.0.9&apos;
Driver info: org.openqa.selenium.chrome.ChromeDriver
Command: [74d184354736ad01e4f0379bb2ebc58e9135cff9, maximizeCurrentWindow {}]
Capabilities {acceptInsecureCerts: true, browserName: chrome, browserVersion: 103.0.5060.114, chrome: {chromedriverVersion: 103.0.5060.24 (e47b049c438c..., userDataDir: C:\Windows\proxy\scoped_dir...}, goog:chromeOptions: {debuggerAddress: localhost:9222}, networkConnectionEnabled: false, optimalHubUrl: hub-euw.browserstack.com, pageLoadStrategy: normal, platformName: windows, proxy: Proxy(), setWindowRect: true, strictFileInteractability: false, timeouts: {implicit: 0, pageLoad: 300000, script: 30000}, unhandledPromptBehavior: dismiss and notify, webauthn:extension:credBlob: true, webauthn:extension:largeBlob: true, webauthn:virtualAuthenticators: true, webdriver.remote.sessionid: 74d184354736ad01e4f0379bb2e...}
Session ID: 74d184354736ad01e4f0379bb2ebc58e9135cff9
	at org.openqa.selenium.remote.codec.w3c.W3CHttpResponseCodec.createException(W3CHttpResponseCodec.java:200)
	at org.openqa.selenium.remote.codec.w3c.W3CHttpResponseCodec.decode(W3CHttpResponseCodec.java:133)
	at org.openqa.selenium.remote.codec.w3c.W3CHttpResponseCodec.decode(W3CHttpResponseCodec.java:52)
	at org.openqa.selenium.remote.HttpCommandExecutor.execute(HttpCommandExecutor.java:191)
	at org.openqa.selenium.remote.RemoteWebDriver.execute(RemoteWebDriver.java:602)
	at org.openqa.selenium.remote.RemoteWebDriver.execute(RemoteWebDriver.java:675)
	at org.openqa.selenium.remote.RemoteWebDriver.execute(RemoteWebDriver.java:679)
	at org.openqa.selenium.remote.RemoteWebDriver$RemoteWebDriverOptions$RemoteWindow.maximize(RemoteWebDriver.java:1062)
	at com.CodeRed.Utilities.BaseClassNew.maxWindow(BaseClassNew.java:121)
	at com.CodeRed.TestCases.TC_Login_Percy.userLoginUsernamePwd(TC_Login_Percy.java:26)
	at java.base/java.util.concurrent.ThreadPoolExecutor.runWorker(ThreadPoolExecutor.java:1136)
	at java.base/java.util.concurrent.ThreadPoolExecutor$Worker.run(ThreadPoolExecutor.java:635)
	at java.base/java.lang.Thread.run(Thread.java:840)
... Removed 17 stack frames
</div> <!-- stack-trace -->
                  <em>
(Verify Login with valid username/password)                  </em>
                </div> <!-- method-content -->
              </div> <!-- method -->
              <div class="method">
                <div class="method-content">
                  <a name="userLoginUsernamePwd(yetam76594@jalunaki.com, Test@123)">
                  </a> <!-- userLoginUsernamePwd(yetam76594@jalunaki.com, Test@123) -->
                  <span class="method-name">userLoginUsernamePwd</span>
                  <span class="parameters">(yetam76594@jalunaki.com,Test@123)</span>
                  <div class="stack-trace">java.lang.RuntimeException: Invalid function call - snapshot(). Please use screenshot() function while using Percy with Automate. For more information on usage of PercyScreenshot, refer https://docs.percy.io/docs/integrate-functional-testing-with-visual-testing
	at io.percy.selenium.Percy.snapshot(Percy.java:160)
	at io.percy.selenium.Percy.snapshot(Percy.java:155)
	at io.percy.selenium.Percy.snapshot(Percy.java:80)
	at com.CodeRed.TestCases.TC_Login_Percy.userLoginUsernamePwd(TC_Login_Percy.java:38)
	at java.base/java.util.concurrent.ThreadPoolExecutor.runWorker(ThreadPoolExecutor.java:1136)
	at java.base/java.util.concurrent.ThreadPoolExecutor$Worker.run(ThreadPoolExecutor.java:635)
	at java.base/java.lang.Thread.run(Thread.java:840)
... Removed 12 stack frames
</div> <!-- stack-trace -->
                  <em>
(Verify Login with valid username/password)                  </em>
                </div> <!-- method-content -->
              </div> <!-- method -->
            </div> <!-- main-panel-content rounded-window-bottom -->
          </div> <!-- suite-Suite-class-failed -->
        </div> <!-- panel Suite -->
        <div panel-name="test-xml-Suite" class="panel">
          <div class="main-panel-header rounded-window-top">
            <span class="header-content">C:\Users\HemalathaManikandan\eclipse-workspace\CodeRedDemoProject\testng.xml</span>
          </div> <!-- main-panel-header rounded-window-top -->
          <div class="main-panel-content rounded-window-bottom">
            <pre>
&lt;?xml version=&quot;1.0&quot; encoding=&quot;UTF-8&quot;?&gt;
&lt;!DOCTYPE suite SYSTEM &quot;https://testng.org/testng-1.0.dtd&quot;&gt;
&lt;suite thread-count=&quot;4&quot; parallel=&quot;tests&quot; name=&quot;Suite&quot; guice-stage=&quot;DEVELOPMENT&quot;&gt;
  &lt;test thread-count=&quot;2&quot; parallel=&quot;classes&quot; name=&quot;Test-0&quot;&gt;
    &lt;parameter name=&quot;platform&quot; value=&quot;0&quot;/&gt;
    &lt;classes&gt;
      &lt;class name=&quot;com.CodeRed.TestCases.TC_Login_Percy&quot;/&gt;
      &lt;class name=&quot;com.CodeRed.TestCases.TC_UpdatePasswordPercy_007&quot;/&gt;
      &lt;class name=&quot;com.CodeRed.TestCases.TC_PersonalDetailsPercy_009&quot;/&gt;
    &lt;/classes&gt;
  &lt;/test&gt; &lt;!-- Test-0 --&gt;
  &lt;test thread-count=&quot;2&quot; parallel=&quot;classes&quot; name=&quot;Test-1&quot;&gt;
    &lt;parameter name=&quot;platform&quot; value=&quot;1&quot;/&gt;
    &lt;classes&gt;
      &lt;class name=&quot;com.CodeRed.TestCases.TC_Login_Percy&quot;/&gt;
      &lt;class name=&quot;com.CodeRed.TestCases.TC_UpdatePasswordPercy_007&quot;/&gt;
      &lt;class name=&quot;com.CodeRed.TestCases.TC_PersonalDetailsPercy_009&quot;/&gt;
    &lt;/classes&gt;
  &lt;/test&gt; &lt;!-- Test-1 --&gt;
&lt;/suite&gt; &lt;!-- Suite --&gt;
            </pre>
          </div> <!-- main-panel-content rounded-window-bottom -->
        </div> <!-- panel -->
        <div panel-name="testlist-Suite" class="panel">
          <div class="main-panel-header rounded-window-top">
            <span class="header-content">Tests for Suite</span>
          </div> <!-- main-panel-header rounded-window-top -->
          <div class="main-panel-content rounded-window-bottom">
            <ul>
              <li>
                <span class="test-name">Test-0 (3 classes)</span>
              </li>
              <li>
                <span class="test-name">Test-1 (3 classes)</span>
              </li>
            </ul>
          </div> <!-- main-panel-content rounded-window-bottom -->
        </div> <!-- panel -->
        <div panel-name="group-Suite" class="panel">
          <div class="main-panel-header rounded-window-top">
            <span class="header-content">Groups for Suite</span>
          </div> <!-- main-panel-header rounded-window-top -->
          <div class="main-panel-content rounded-window-bottom">
          </div> <!-- main-panel-content rounded-window-bottom -->
        </div> <!-- panel -->
        <div panel-name="times-Suite" class="panel">
          <div class="main-panel-header rounded-window-top">
            <span class="header-content">Times for Suite</span>
          </div> <!-- main-panel-header rounded-window-top -->
          <div class="main-panel-content rounded-window-bottom">
            <div class="times-div">
              <script type="text/javascript">
suiteTableInitFunctions.push('tableData_Suite');
function tableData_Suite() {
var data = new google.visualization.DataTable();
data.addColumn('number', 'Number');
data.addColumn('string', 'Method');
data.addColumn('string', 'Class');
data.addColumn('number', 'Time (ms)');
data.addRows(10);
data.setCell(0, 0, 0)
data.setCell(0, 1, 'personalDetails')
data.setCell(0, 2, 'com.CodeRed.TestCases.TC_PersonalDetailsPercy_009')
data.setCell(0, 3, 119076);
data.setCell(1, 0, 1)
data.setCell(1, 1, 'updatePasswordMinLen')
data.setCell(1, 2, 'com.CodeRed.TestCases.TC_UpdatePasswordPercy_007')
data.setCell(1, 3, 64186);
data.setCell(2, 0, 2)
data.setCell(2, 1, 'updatePasswordMaxLenAgain')
data.setCell(2, 2, 'com.CodeRed.TestCases.TC_UpdatePasswordPercy_007')
data.setCell(2, 3, 52862);
data.setCell(3, 0, 3)
data.setCell(3, 1, 'userLoginUsernamePwd')
data.setCell(3, 2, 'com.CodeRed.TestCases.TC_Login_Percy')
data.setCell(3, 3, 34937);
data.setCell(4, 0, 4)
data.setCell(4, 1, 'updatePasswordMaxLen')
data.setCell(4, 2, 'com.CodeRed.TestCases.TC_UpdatePasswordPercy_007')
data.setCell(4, 3, 24278);
data.setCell(5, 0, 5)
data.setCell(5, 1, 'updatePasswordMaxLen')
data.setCell(5, 2, 'com.CodeRed.TestCases.TC_UpdatePasswordPercy_007')
data.setCell(5, 3, 20004);
data.setCell(6, 0, 6)
data.setCell(6, 1, 'updatePasswordMaxLenAgain')
data.setCell(6, 2, 'com.CodeRed.TestCases.TC_UpdatePasswordPercy_007')
data.setCell(6, 3, 17392);
data.setCell(7, 0, 7)
data.setCell(7, 1, 'userLoginUsernamePwd')
data.setCell(7, 2, 'com.CodeRed.TestCases.TC_Login_Percy')
data.setCell(7, 3, 15490);
data.setCell(8, 0, 8)
data.setCell(8, 1, 'personalDetails')
data.setCell(8, 2, 'com.CodeRed.TestCases.TC_PersonalDetailsPercy_009')
data.setCell(8, 3, 14012);
data.setCell(9, 0, 9)
data.setCell(9, 1, 'updatePasswordMinLen')
data.setCell(9, 2, 'com.CodeRed.TestCases.TC_UpdatePasswordPercy_007')
data.setCell(9, 3, 12459);
window.suiteTableData['Suite']= { tableData: data, tableDiv: 'times-div-Suite'}
return data;
}
              </script>
              <span class="suite-total-time">Total running time: 3 minutes</span>
              <div id="times-div-Suite">
              </div> <!-- times-div-Suite -->
            </div> <!-- times-div -->
          </div> <!-- main-panel-content rounded-window-bottom -->
        </div> <!-- panel -->
        <div panel-name="reporter-Suite" class="panel">
          <div class="main-panel-header rounded-window-top">
            <span class="header-content">Reporter output for Suite</span>
          </div> <!-- main-panel-header rounded-window-top -->
          <div class="main-panel-content rounded-window-bottom">
          </div> <!-- main-panel-content rounded-window-bottom -->
        </div> <!-- panel -->
        <div panel-name="ignored-methods-Suite" class="panel">
          <div class="main-panel-header rounded-window-top">
            <span class="header-content">0 ignored methods</span>
          </div> <!-- main-panel-header rounded-window-top -->
          <div class="main-panel-content rounded-window-bottom">
          </div> <!-- main-panel-content rounded-window-bottom -->
        </div> <!-- panel -->
        <div panel-name="chronological-Suite" class="panel">
          <div class="main-panel-header rounded-window-top">
            <span class="header-content">Methods in chronological order</span>
          </div> <!-- main-panel-header rounded-window-top -->
          <div class="main-panel-content rounded-window-bottom">
            <div class="chronological-class">
              <div class="chronological-class-name">com.CodeRed.TestCases.TC_UpdatePasswordPercy_007</div> <!-- chronological-class-name -->
              <div class="configuration-class before">
                <span class="method-name">setUp</span>
                <span class="method-start">0 ms</span>
              </div> <!-- configuration-class before -->
            </div> <!-- chronological-class -->
            <div class="chronological-class">
              <div class="chronological-class-name">com.CodeRed.TestCases.TC_Login_Percy</div> <!-- chronological-class-name -->
              <div class="configuration-class before">
                <span class="method-name">setUp</span>
                <span class="method-start">0 ms</span>
              </div> <!-- configuration-class before -->
            </div> <!-- chronological-class -->
            <div class="chronological-class">
              <div class="chronological-class-name">com.CodeRed.TestCases.TC_UpdatePasswordPercy_007</div> <!-- chronological-class-name -->
              <div class="configuration-class before">
                <span class="method-name">setUp</span>
                <span class="method-start">0 ms</span>
              </div> <!-- configuration-class before -->
            </div> <!-- chronological-class -->
            <div class="chronological-class">
              <div class="chronological-class-name">com.CodeRed.TestCases.TC_Login_Percy</div> <!-- chronological-class-name -->
              <div class="configuration-class before">
                <span class="method-name">setUp</span>
                <span class="method-start">0 ms</span>
              </div> <!-- configuration-class before -->
              <div class="test-method">
                <img src="failed.png">
                </img>
                <span class="method-name">userLoginUsernamePwd(yetam76594@jalunaki.com, Test@123)</span>
                <span class="method-start">13277 ms</span>
              </div> <!-- test-method -->
            </div> <!-- chronological-class -->
            <div class="chronological-class">
              <div class="chronological-class-name">com.CodeRed.TestCases.TC_UpdatePasswordPercy_007</div> <!-- chronological-class-name -->
              <div class="test-method">
                <img src="failed.png">
                </img>
                <span class="method-name">updatePasswordMinLen(momag72272@newcupon.com, Test@123, Test@123, Welcome@123, Welcome@123)</span>
                <span class="method-start">22856 ms</span>
              </div> <!-- test-method -->
            </div> <!-- chronological-class -->
            <div class="chronological-class">
              <div class="chronological-class-name">com.CodeRed.TestCases.TC_Login_Percy</div> <!-- chronological-class-name -->
              <div class="test-method">
                <img src="failed.png">
                </img>
                <span class="method-name">userLoginUsernamePwd(yetam76594@jalunaki.com, Test@123)</span>
                <span class="method-start">24113 ms</span>
              </div> <!-- test-method -->
            </div> <!-- chronological-class -->
            <div class="chronological-class">
              <div class="chronological-class-name">com.CodeRed.TestCases.TC_UpdatePasswordPercy_007</div> <!-- chronological-class-name -->
              <div class="test-method">
                <img src="failed.png">
                </img>
                <span class="method-name">updatePasswordMinLen(momag72272@newcupon.com, Test@123, Test@123, Welcome@123, Welcome@123)</span>
                <span class="method-start">31306 ms</span>
              </div> <!-- test-method -->
            </div> <!-- chronological-class -->
            <div class="chronological-class">
              <div class="chronological-class-name">com.CodeRed.TestCases.TC_Login_Percy</div> <!-- chronological-class-name -->
              <div class="configuration-class after">
                <span class="method-name">tearDown</span>
                <span class="method-start">31562 ms</span>
              </div> <!-- configuration-class after -->
            </div> <!-- chronological-class -->
            <div class="chronological-class">
              <div class="chronological-class-name">com.CodeRed.TestCases.TC_UpdatePasswordPercy_007</div> <!-- chronological-class-name -->
              <div class="test-method">
                <img src="failed.png">
                </img>
                <span class="method-name">updatePasswordMaxLen(momag72272@newcupon.com, Welcome@123, Welcome@123, Abcdefghijklmnopqrstuvwxyzabcdefghijklmnopqrstu@1...)</span>
                <span class="method-start">38243 ms</span>
              </div> <!-- test-method -->
            </div> <!-- chronological-class -->
            <div class="chronological-class">
              <div class="chronological-class-name">com.CodeRed.TestCases.TC_PersonalDetailsPercy_009</div> <!-- chronological-class-name -->
              <div class="configuration-class before">
                <span class="method-name">setUp</span>
                <span class="method-start">46386 ms</span>
              </div> <!-- configuration-class before -->
              <div class="test-method">
                <img src="failed.png">
                </img>
                <span class="method-name">personalDetails(yetam76594@jalunaki.com, Test@123, abcd, xyz, yetam76594@jalunaki.com, 1234567890, India, Test@123)</span>
                <span class="method-start">54981 ms</span>
              </div> <!-- test-method -->
            </div> <!-- chronological-class -->
            <div class="chronological-class">
              <div class="chronological-class-name">com.CodeRed.TestCases.TC_Login_Percy</div> <!-- chronological-class-name -->
              <div class="configuration-class after">
                <span class="method-name">tearDown</span>
                <span class="method-start">61806 ms</span>
              </div> <!-- configuration-class after -->
            </div> <!-- chronological-class -->
            <div class="chronological-class">
              <div class="chronological-class-name">com.CodeRed.TestCases.TC_UpdatePasswordPercy_007</div> <!-- chronological-class-name -->
              <div class="test-method">
                <img src="failed.png">
                </img>
                <span class="method-name">updatePasswordMaxLenAgain(momag72272@newcupon.com, Welcome@123, Welcome@123, Abcdefghijklmnopqrstuvwxyzabcdefghijklmnopqrstu@1...)</span>
                <span class="method-start">64559 ms</span>
              </div> <!-- test-method -->
            </div> <!-- chronological-class -->
            <div class="chronological-class">
              <div class="chronological-class-name">com.CodeRed.TestCases.TC_PersonalDetailsPercy_009</div> <!-- chronological-class-name -->
              <div class="configuration-class after">
                <span class="method-name">tearDown</span>
                <span class="method-start">71304 ms</span>
              </div> <!-- configuration-class after -->
              <div class="configuration-class before">
                <span class="method-name">setUp</span>
                <span class="method-start">76477 ms</span>
              </div> <!-- configuration-class before -->
              <div class="test-method">
                <img src="failed.png">
                </img>
                <span class="method-name">personalDetails(yetam76594@jalunaki.com, Test@123, abcd, xyz, yetam76594@jalunaki.com, 1234567890, India, Test@123)</span>
                <span class="method-start">95115 ms</span>
              </div> <!-- test-method -->
            </div> <!-- chronological-class -->
            <div class="chronological-class">
              <div class="chronological-class-name">com.CodeRed.TestCases.TC_UpdatePasswordPercy_007</div> <!-- chronological-class-name -->
              <div class="test-method">
                <img src="failed.png">
                </img>
                <span class="method-name">updatePasswordMaxLen(momag72272@newcupon.com, Welcome@123, Welcome@123, Abcdefghijklmnopqrstuvwxyzabcdefghijklmnopqrstu@1...)</span>
                <span class="method-start">97580 ms</span>
              </div> <!-- test-method -->
              <div class="configuration-class after">
                <span class="method-name">tearDown</span>
                <span class="method-start">119332 ms</span>
              </div> <!-- configuration-class after -->
              <div class="test-method">
                <img src="failed.png">
                </img>
                <span class="method-name">updatePasswordMaxLenAgain(momag72272@newcupon.com, Welcome@123, Welcome@123, Abcdefghijklmnopqrstuvwxyzabcdefghijklmnopqrstu@1...)</span>
                <span class="method-start">119521 ms</span>
              </div> <!-- test-method -->
              <div class="configuration-class after">
                <span class="method-name">tearDown</span>
                <span class="method-start">139022 ms</span>
              </div> <!-- configuration-class after -->
            </div> <!-- chronological-class -->
            <div class="chronological-class">
              <div class="chronological-class-name">com.CodeRed.TestCases.TC_PersonalDetailsPercy_009</div> <!-- chronological-class-name -->
              <div class="configuration-class after">
                <span class="method-name">tearDown</span>
                <span class="method-start">216686 ms</span>
              </div> <!-- configuration-class after -->
          </div> <!-- main-panel-content rounded-window-bottom -->
        </div> <!-- panel -->
      </div> <!-- main-panel-root -->
    </div> <!-- wrapper -->
  </body>
<script type="text/javascript" src="testng-reports2.js"></script>
</html>
